mode: atomic
github.com/pandeptwidyaop/http-remote/cmd/server/main.go:17.13,19.22 1 0
github.com/pandeptwidyaop/http-remote/cmd/server/main.go:19.22,20.21 1 0
github.com/pandeptwidyaop/http-remote/cmd/server/main.go:21.18,23.75 2 0
github.com/pandeptwidyaop/http-remote/cmd/server/main.go:23.75,25.5 1 0
github.com/pandeptwidyaop/http-remote/cmd/server/main.go:26.4,26.45 1 0
github.com/pandeptwidyaop/http-remote/cmd/server/main.go:26.45,29.5 2 0
github.com/pandeptwidyaop/http-remote/cmd/server/main.go:30.4,30.14 1 0
github.com/pandeptwidyaop/http-remote/cmd/server/main.go:31.18,35.14 4 0
github.com/pandeptwidyaop/http-remote/cmd/server/main.go:39.2,43.18 4 0
github.com/pandeptwidyaop/http-remote/cmd/server/main.go:43.18,48.3 4 0
github.com/pandeptwidyaop/http-remote/cmd/server/main.go:50.2,51.16 2 0
github.com/pandeptwidyaop/http-remote/cmd/server/main.go:51.16,56.3 4 0
github.com/pandeptwidyaop/http-remote/cmd/server/main.go:58.2,59.16 2 0
github.com/pandeptwidyaop/http-remote/cmd/server/main.go:59.16,61.3 1 0
github.com/pandeptwidyaop/http-remote/cmd/server/main.go:62.2,64.37 2 0
github.com/pandeptwidyaop/http-remote/cmd/server/main.go:64.37,66.3 1 0
github.com/pandeptwidyaop/http-remote/cmd/server/main.go:68.2,73.54 5 0
github.com/pandeptwidyaop/http-remote/cmd/server/main.go:73.54,75.3 1 0
github.com/pandeptwidyaop/http-remote/cmd/server/main.go:77.2,83.36 5 0
github.com/pandeptwidyaop/http-remote/cmd/server/main.go:83.36,86.3 2 0
github.com/pandeptwidyaop/http-remote/internal/assets/assets.go:13.29,16.2 2 0
github.com/pandeptwidyaop/http-remote/internal/assets/assets.go:19.26,22.2 2 0
github.com/pandeptwidyaop/http-remote/internal/assets/assets.go:25.40,28.2 2 0
github.com/pandeptwidyaop/http-remote/internal/config/config.go:45.57,47.16 2 0
github.com/pandeptwidyaop/http-remote/internal/config/config.go:47.16,49.3 1 0
github.com/pandeptwidyaop/http-remote/internal/config/config.go:50.2,50.10 1 0
github.com/pandeptwidyaop/http-remote/internal/config/config.go:53.41,55.16 2 0
github.com/pandeptwidyaop/http-remote/internal/config/config.go:55.16,57.3 1 0
github.com/pandeptwidyaop/http-remote/internal/config/config.go:59.2,60.51 2 0
github.com/pandeptwidyaop/http-remote/internal/config/config.go:60.51,62.3 1 0
github.com/pandeptwidyaop/http-remote/internal/config/config.go:64.2,66.18 2 0
github.com/pandeptwidyaop/http-remote/internal/config/config.go:69.31,70.27 1 0
github.com/pandeptwidyaop/http-remote/internal/config/config.go:70.27,72.3 1 0
github.com/pandeptwidyaop/http-remote/internal/config/config.go:73.2,73.26 1 0
github.com/pandeptwidyaop/http-remote/internal/config/config.go:73.26,75.3 1 0
github.com/pandeptwidyaop/http-remote/internal/config/config.go:76.2,76.33 1 0
github.com/pandeptwidyaop/http-remote/internal/config/config.go:76.33,78.3 1 0
github.com/pandeptwidyaop/http-remote/internal/config/config.go:79.2,79.29 1 0
github.com/pandeptwidyaop/http-remote/internal/config/config.go:79.29,81.3 1 0
github.com/pandeptwidyaop/http-remote/internal/config/config.go:82.2,82.36 1 0
github.com/pandeptwidyaop/http-remote/internal/config/config.go:82.36,84.3 1 0
github.com/pandeptwidyaop/http-remote/internal/config/config.go:85.2,85.30 1 0
github.com/pandeptwidyaop/http-remote/internal/config/config.go:85.30,87.3 1 0
github.com/pandeptwidyaop/http-remote/internal/config/config.go:88.2,88.39 1 0
github.com/pandeptwidyaop/http-remote/internal/config/config.go:88.39,90.3 1 0
github.com/pandeptwidyaop/http-remote/internal/config/config.go:91.2,91.35 1 0
github.com/pandeptwidyaop/http-remote/internal/config/config.go:91.35,93.3 1 0
github.com/pandeptwidyaop/http-remote/internal/config/config.go:94.2,94.38 1 0
github.com/pandeptwidyaop/http-remote/internal/config/config.go:94.38,96.3 1 0
github.com/pandeptwidyaop/http-remote/internal/config/config.go:97.2,97.30 1 0
github.com/pandeptwidyaop/http-remote/internal/config/config.go:97.30,99.3 1 0
github.com/pandeptwidyaop/http-remote/internal/config/config.go:100.2,100.30 1 0
github.com/pandeptwidyaop/http-remote/internal/config/config.go:100.30,102.3 1 0
github.com/pandeptwidyaop/http-remote/internal/middleware/auth.go:15.70,16.30 1 0
github.com/pandeptwidyaop/http-remote/internal/middleware/auth.go:16.30,18.36 2 0
github.com/pandeptwidyaop/http-remote/internal/middleware/auth.go:18.36,19.23 1 0
github.com/pandeptwidyaop/http-remote/internal/middleware/auth.go:19.23,23.5 3 0
github.com/pandeptwidyaop/http-remote/internal/middleware/auth.go:24.4,25.10 2 0
github.com/pandeptwidyaop/http-remote/internal/middleware/auth.go:28.3,29.17 2 0
github.com/pandeptwidyaop/http-remote/internal/middleware/auth.go:29.17,31.23 2 0
github.com/pandeptwidyaop/http-remote/internal/middleware/auth.go:31.23,35.5 3 0
github.com/pandeptwidyaop/http-remote/internal/middleware/auth.go:36.4,37.10 2 0
github.com/pandeptwidyaop/http-remote/internal/middleware/auth.go:40.3,41.11 2 0
github.com/pandeptwidyaop/http-remote/internal/middleware/auth.go:45.40,51.2 1 0
github.com/pandeptwidyaop/http-remote/internal/middleware/auth.go:53.38,54.43 1 0
github.com/pandeptwidyaop/http-remote/internal/middleware/auth.go:54.43,55.35 1 0
github.com/pandeptwidyaop/http-remote/internal/middleware/auth.go:55.35,57.4 1 0
github.com/pandeptwidyaop/http-remote/internal/middleware/auth.go:59.2,59.14 1 0
github.com/pandeptwidyaop/http-remote/internal/middleware/auth.go:62.38,66.2 3 0
github.com/pandeptwidyaop/http-remote/internal/middleware/logging.go:10.31,11.30 1 0
github.com/pandeptwidyaop/http-remote/internal/middleware/logging.go:11.30,28.3 7 0
github.com/pandeptwidyaop/http-remote/internal/middleware/logging.go:31.48,32.30 1 0
github.com/pandeptwidyaop/http-remote/internal/middleware/logging.go:32.30,35.3 2 0
github.com/pandeptwidyaop/http-remote/internal/middleware/ratelimit.go:24.79,35.2 3 0
github.com/pandeptwidyaop/http-remote/internal/middleware/ratelimit.go:37.34,41.21 3 0
github.com/pandeptwidyaop/http-remote/internal/middleware/ratelimit.go:41.21,44.39 3 0
github.com/pandeptwidyaop/http-remote/internal/middleware/ratelimit.go:44.39,45.49 1 0
github.com/pandeptwidyaop/http-remote/internal/middleware/ratelimit.go:45.49,47.5 1 0
github.com/pandeptwidyaop/http-remote/internal/middleware/ratelimit.go:49.3,49.17 1 0
github.com/pandeptwidyaop/http-remote/internal/middleware/ratelimit.go:53.53,54.30 1 0
github.com/pandeptwidyaop/http-remote/internal/middleware/ratelimit.go:54.30,63.44 6 0
github.com/pandeptwidyaop/http-remote/internal/middleware/ratelimit.go:63.44,72.4 3 0
github.com/pandeptwidyaop/http-remote/internal/middleware/ratelimit.go:75.3,75.30 1 0
github.com/pandeptwidyaop/http-remote/internal/middleware/ratelimit.go:75.30,88.4 8 0
github.com/pandeptwidyaop/http-remote/internal/middleware/ratelimit.go:91.3,98.11 6 0
github.com/pandeptwidyaop/http-remote/internal/router/router.go:18.190,28.29 6 0
github.com/pandeptwidyaop/http-remote/internal/router/router.go:28.29,28.45 1 0
github.com/pandeptwidyaop/http-remote/internal/router/router.go:31.2,33.16 3 0
github.com/pandeptwidyaop/http-remote/internal/router/router.go:33.16,34.53 1 0
github.com/pandeptwidyaop/http-remote/internal/router/router.go:36.2,41.72 4 0
github.com/pandeptwidyaop/http-remote/internal/router/router.go:41.72,44.3 2 0
github.com/pandeptwidyaop/http-remote/internal/router/router.go:46.2,71.2 19 0
github.com/pandeptwidyaop/http-remote/internal/router/router.go:71.2,73.44 1 0
github.com/pandeptwidyaop/http-remote/internal/router/router.go:73.44,75.4 1 0
github.com/pandeptwidyaop/http-remote/internal/router/router.go:77.3,82.3 5 0
github.com/pandeptwidyaop/http-remote/internal/router/router.go:82.3,105.4 18 0
github.com/pandeptwidyaop/http-remote/internal/router/router.go:108.2,110.2 3 0
github.com/pandeptwidyaop/http-remote/internal/router/router.go:110.2,118.3 7 0
github.com/pandeptwidyaop/http-remote/internal/router/router.go:121.2,121.65 1 0
github.com/pandeptwidyaop/http-remote/internal/router/router.go:121.65,122.35 1 0
github.com/pandeptwidyaop/http-remote/internal/router/router.go:122.35,124.4 1 0
github.com/pandeptwidyaop/http-remote/internal/router/router.go:127.2,127.10 1 0
github.com/pandeptwidyaop/http-remote/internal/version/version.go:16.31,22.2 1 0
github.com/pandeptwidyaop/http-remote/internal/upgrade/upgrade.go:32.51,34.16 2 0
github.com/pandeptwidyaop/http-remote/internal/upgrade/upgrade.go:34.16,36.3 1 0
github.com/pandeptwidyaop/http-remote/internal/upgrade/upgrade.go:37.2,39.38 2 0
github.com/pandeptwidyaop/http-remote/internal/upgrade/upgrade.go:39.38,41.3 1 0
github.com/pandeptwidyaop/http-remote/internal/upgrade/upgrade.go:43.2,44.68 2 0
github.com/pandeptwidyaop/http-remote/internal/upgrade/upgrade.go:44.68,46.3 1 0
github.com/pandeptwidyaop/http-remote/internal/upgrade/upgrade.go:48.2,48.22 1 0
github.com/pandeptwidyaop/http-remote/internal/upgrade/upgrade.go:52.39,59.56 4 0
github.com/pandeptwidyaop/http-remote/internal/upgrade/upgrade.go:59.56,61.3 1 0
github.com/pandeptwidyaop/http-remote/internal/upgrade/upgrade.go:63.2,63.26 1 0
github.com/pandeptwidyaop/http-remote/internal/upgrade/upgrade.go:67.28,69.2 1 0
github.com/pandeptwidyaop/http-remote/internal/upgrade/upgrade.go:72.59,75.39 2 0
github.com/pandeptwidyaop/http-remote/internal/upgrade/upgrade.go:75.39,76.33 1 0
github.com/pandeptwidyaop/http-remote/internal/upgrade/upgrade.go:76.33,78.4 1 0
github.com/pandeptwidyaop/http-remote/internal/upgrade/upgrade.go:81.2,81.89 1 0
github.com/pandeptwidyaop/http-remote/internal/upgrade/upgrade.go:85.85,87.16 2 0
github.com/pandeptwidyaop/http-remote/internal/upgrade/upgrade.go:87.16,89.3 1 0
github.com/pandeptwidyaop/http-remote/internal/upgrade/upgrade.go:90.2,92.38 2 0
github.com/pandeptwidyaop/http-remote/internal/upgrade/upgrade.go:92.38,94.3 1 0
github.com/pandeptwidyaop/http-remote/internal/upgrade/upgrade.go:97.2,98.16 2 0
github.com/pandeptwidyaop/http-remote/internal/upgrade/upgrade.go:98.16,100.3 1 0
github.com/pandeptwidyaop/http-remote/internal/upgrade/upgrade.go:101.2,108.6 5 0
github.com/pandeptwidyaop/http-remote/internal/upgrade/upgrade.go:108.6,110.12 2 0
github.com/pandeptwidyaop/http-remote/internal/upgrade/upgrade.go:110.12,112.23 2 0
github.com/pandeptwidyaop/http-remote/internal/upgrade/upgrade.go:112.23,115.5 2 0
github.com/pandeptwidyaop/http-remote/internal/upgrade/upgrade.go:116.4,117.25 2 0
github.com/pandeptwidyaop/http-remote/internal/upgrade/upgrade.go:117.25,119.5 1 0
github.com/pandeptwidyaop/http-remote/internal/upgrade/upgrade.go:121.3,121.20 1 0
github.com/pandeptwidyaop/http-remote/internal/upgrade/upgrade.go:121.20,122.9 1 0
github.com/pandeptwidyaop/http-remote/internal/upgrade/upgrade.go:124.3,124.17 1 0
github.com/pandeptwidyaop/http-remote/internal/upgrade/upgrade.go:124.17,127.4 2 0
github.com/pandeptwidyaop/http-remote/internal/upgrade/upgrade.go:130.2,130.28 1 0
github.com/pandeptwidyaop/http-remote/internal/upgrade/upgrade.go:134.36,137.16 2 0
github.com/pandeptwidyaop/http-remote/internal/upgrade/upgrade.go:137.16,139.3 1 0
github.com/pandeptwidyaop/http-remote/internal/upgrade/upgrade.go:142.2,143.16 2 0
github.com/pandeptwidyaop/http-remote/internal/upgrade/upgrade.go:143.16,145.3 1 0
github.com/pandeptwidyaop/http-remote/internal/upgrade/upgrade.go:148.2,149.56 2 0
github.com/pandeptwidyaop/http-remote/internal/upgrade/upgrade.go:149.56,151.3 1 0
github.com/pandeptwidyaop/http-remote/internal/upgrade/upgrade.go:154.2,154.53 1 0
github.com/pandeptwidyaop/http-remote/internal/upgrade/upgrade.go:154.53,158.3 2 0
github.com/pandeptwidyaop/http-remote/internal/upgrade/upgrade.go:161.2,161.49 1 0
github.com/pandeptwidyaop/http-remote/internal/upgrade/upgrade.go:161.49,165.3 2 0
github.com/pandeptwidyaop/http-remote/internal/upgrade/upgrade.go:168.2,170.12 2 0
github.com/pandeptwidyaop/http-remote/internal/upgrade/upgrade.go:174.28,179.16 4 0
github.com/pandeptwidyaop/http-remote/internal/upgrade/upgrade.go:179.16,181.3 1 0
github.com/pandeptwidyaop/http-remote/internal/upgrade/upgrade.go:183.2,185.46 2 0
github.com/pandeptwidyaop/http-remote/internal/upgrade/upgrade.go:185.46,188.3 2 0
github.com/pandeptwidyaop/http-remote/internal/upgrade/upgrade.go:190.2,191.16 2 0
github.com/pandeptwidyaop/http-remote/internal/upgrade/upgrade.go:191.16,193.3 1 0
github.com/pandeptwidyaop/http-remote/internal/upgrade/upgrade.go:195.2,197.67 2 0
github.com/pandeptwidyaop/http-remote/internal/upgrade/upgrade.go:197.67,198.16 1 0
github.com/pandeptwidyaop/http-remote/internal/upgrade/upgrade.go:198.16,201.4 2 0
github.com/pandeptwidyaop/http-remote/internal/upgrade/upgrade.go:201.9,203.4 1 0
github.com/pandeptwidyaop/http-remote/internal/upgrade/upgrade.go:205.2,205.16 1 0
github.com/pandeptwidyaop/http-remote/internal/upgrade/upgrade.go:205.16,207.3 1 0
github.com/pandeptwidyaop/http-remote/internal/upgrade/upgrade.go:208.2,211.41 3 0
github.com/pandeptwidyaop/http-remote/internal/upgrade/upgrade.go:211.41,214.3 2 0
github.com/pandeptwidyaop/http-remote/internal/upgrade/upgrade.go:216.2,219.12 3 0
github.com/pandeptwidyaop/http-remote/internal/database/database.go:15.38,17.47 2 0
github.com/pandeptwidyaop/http-remote/internal/database/database.go:17.47,19.3 1 0
github.com/pandeptwidyaop/http-remote/internal/database/database.go:21.2,22.16 2 0
github.com/pandeptwidyaop/http-remote/internal/database/database.go:22.16,24.3 1 0
github.com/pandeptwidyaop/http-remote/internal/database/database.go:26.2,26.34 1 0
github.com/pandeptwidyaop/http-remote/internal/database/database.go:26.34,28.3 1 0
github.com/pandeptwidyaop/http-remote/internal/database/database.go:30.2,30.21 1 0
github.com/pandeptwidyaop/http-remote/internal/database/database.go:33.31,35.2 1 0
github.com/pandeptwidyaop/http-remote/internal/database/migrations.go:86.38,88.50 1 2
github.com/pandeptwidyaop/http-remote/internal/database/migrations.go:88.50,90.3 1 0
github.com/pandeptwidyaop/http-remote/internal/database/migrations.go:93.2,93.39 1 2
github.com/pandeptwidyaop/http-remote/internal/database/migrations.go:93.39,94.47 1 34
github.com/pandeptwidyaop/http-remote/internal/database/migrations.go:94.47,96.4 1 0
github.com/pandeptwidyaop/http-remote/internal/database/migrations.go:100.2,100.51 1 2
github.com/pandeptwidyaop/http-remote/internal/database/migrations.go:100.51,102.3 1 0
github.com/pandeptwidyaop/http-remote/internal/database/migrations.go:104.2,104.12 1 2
github.com/pandeptwidyaop/http-remote/internal/database/migrations.go:108.46,118.2 2 5
github.com/pandeptwidyaop/http-remote/internal/database/migrations.go:121.70,124.16 3 6
github.com/pandeptwidyaop/http-remote/internal/database/migrations.go:124.16,126.3 1 0
github.com/pandeptwidyaop/http-remote/internal/database/migrations.go:127.2,127.23 1 6
github.com/pandeptwidyaop/http-remote/internal/database/migrations.go:131.73,134.2 2 6
github.com/pandeptwidyaop/http-remote/internal/database/migrations.go:137.47,146.16 6 2
github.com/pandeptwidyaop/http-remote/internal/database/migrations.go:146.16,148.3 1 0
github.com/pandeptwidyaop/http-remote/internal/database/migrations.go:150.2,150.13 1 2
github.com/pandeptwidyaop/http-remote/internal/database/migrations.go:150.13,151.52 1 2
github.com/pandeptwidyaop/http-remote/internal/database/migrations.go:151.52,153.4 1 0
github.com/pandeptwidyaop/http-remote/internal/database/migrations.go:154.3,154.67 1 2
github.com/pandeptwidyaop/http-remote/internal/database/migrations.go:154.67,156.4 1 0
github.com/pandeptwidyaop/http-remote/internal/database/migrations.go:160.2,162.16 3 2
github.com/pandeptwidyaop/http-remote/internal/database/migrations.go:162.16,164.3 1 0
github.com/pandeptwidyaop/http-remote/internal/database/migrations.go:166.2,166.13 1 2
github.com/pandeptwidyaop/http-remote/internal/database/migrations.go:166.13,167.52 1 2
github.com/pandeptwidyaop/http-remote/internal/database/migrations.go:167.52,169.4 1 0
github.com/pandeptwidyaop/http-remote/internal/database/migrations.go:170.3,170.67 1 2
github.com/pandeptwidyaop/http-remote/internal/database/migrations.go:170.67,172.4 1 0
github.com/pandeptwidyaop/http-remote/internal/database/migrations.go:175.2,175.12 1 2
github.com/pandeptwidyaop/http-remote/internal/database/migrations.go:180.47,189.30 3 3
github.com/pandeptwidyaop/http-remote/internal/database/migrations.go:189.30,192.3 1 1
github.com/pandeptwidyaop/http-remote/internal/database/migrations.go:195.2,196.16 2 2
github.com/pandeptwidyaop/http-remote/internal/database/migrations.go:196.16,198.3 1 0
github.com/pandeptwidyaop/http-remote/internal/database/migrations.go:199.2,216.16 3 2
github.com/pandeptwidyaop/http-remote/internal/database/migrations.go:216.16,218.3 1 0
github.com/pandeptwidyaop/http-remote/internal/database/migrations.go:221.2,226.16 2 2
github.com/pandeptwidyaop/http-remote/internal/database/migrations.go:226.16,228.3 1 0
github.com/pandeptwidyaop/http-remote/internal/database/migrations.go:231.2,232.16 2 2
github.com/pandeptwidyaop/http-remote/internal/database/migrations.go:232.16,234.3 1 0
github.com/pandeptwidyaop/http-remote/internal/database/migrations.go:237.2,238.16 2 2
github.com/pandeptwidyaop/http-remote/internal/database/migrations.go:238.16,240.3 1 0
github.com/pandeptwidyaop/http-remote/internal/database/migrations.go:243.2,244.16 2 2
github.com/pandeptwidyaop/http-remote/internal/database/migrations.go:244.16,246.3 1 0
github.com/pandeptwidyaop/http-remote/internal/database/migrations.go:248.2,249.16 2 2
github.com/pandeptwidyaop/http-remote/internal/database/migrations.go:249.16,251.3 1 0
github.com/pandeptwidyaop/http-remote/internal/database/migrations.go:253.2,254.16 2 2
github.com/pandeptwidyaop/http-remote/internal/database/migrations.go:254.16,256.3 1 0
github.com/pandeptwidyaop/http-remote/internal/database/migrations.go:258.2,258.20 1 2
github.com/pandeptwidyaop/http-remote/internal/database/migrations.go:262.47,270.16 3 4
github.com/pandeptwidyaop/http-remote/internal/database/migrations.go:270.16,272.3 1 0
github.com/pandeptwidyaop/http-remote/internal/database/migrations.go:275.2,275.15 1 4
github.com/pandeptwidyaop/http-remote/internal/database/migrations.go:275.15,277.3 1 2
github.com/pandeptwidyaop/http-remote/internal/database/migrations.go:280.2,281.16 2 2
github.com/pandeptwidyaop/http-remote/internal/database/migrations.go:281.16,283.3 1 0
github.com/pandeptwidyaop/http-remote/internal/database/migrations.go:284.2,288.16 3 2
github.com/pandeptwidyaop/http-remote/internal/database/migrations.go:288.16,290.3 1 0
github.com/pandeptwidyaop/http-remote/internal/database/migrations.go:293.2,294.16 2 2
github.com/pandeptwidyaop/http-remote/internal/database/migrations.go:294.16,296.3 1 0
github.com/pandeptwidyaop/http-remote/internal/database/migrations.go:299.2,307.16 2 2
github.com/pandeptwidyaop/http-remote/internal/database/migrations.go:307.16,309.3 1 0
github.com/pandeptwidyaop/http-remote/internal/database/migrations.go:312.2,319.16 2 2
github.com/pandeptwidyaop/http-remote/internal/database/migrations.go:319.16,321.3 1 0
github.com/pandeptwidyaop/http-remote/internal/database/migrations.go:323.2,323.20 1 2
github.com/pandeptwidyaop/http-remote/internal/handlers/apps.go:16.84,21.2 1 0
github.com/pandeptwidyaop/http-remote/internal/handlers/apps.go:23.43,25.16 2 0
github.com/pandeptwidyaop/http-remote/internal/handlers/apps.go:25.16,28.3 2 0
github.com/pandeptwidyaop/http-remote/internal/handlers/apps.go:30.2,30.29 1 0
github.com/pandeptwidyaop/http-remote/internal/handlers/apps.go:33.42,37.16 3 0
github.com/pandeptwidyaop/http-remote/internal/handlers/apps.go:37.16,38.37 1 0
github.com/pandeptwidyaop/http-remote/internal/handlers/apps.go:38.37,41.4 2 0
github.com/pandeptwidyaop/http-remote/internal/handlers/apps.go:42.3,43.9 2 0
github.com/pandeptwidyaop/http-remote/internal/handlers/apps.go:46.2,46.28 1 0
github.com/pandeptwidyaop/http-remote/internal/handlers/apps.go:49.45,51.47 2 0
github.com/pandeptwidyaop/http-remote/internal/handlers/apps.go:51.47,54.3 2 0
github.com/pandeptwidyaop/http-remote/internal/handlers/apps.go:56.2,57.16 2 0
github.com/pandeptwidyaop/http-remote/internal/handlers/apps.go:57.16,58.35 1 0
github.com/pandeptwidyaop/http-remote/internal/handlers/apps.go:58.35,61.4 2 0
github.com/pandeptwidyaop/http-remote/internal/handlers/apps.go:62.3,63.9 2 0
github.com/pandeptwidyaop/http-remote/internal/handlers/apps.go:66.2,66.33 1 0
github.com/pandeptwidyaop/http-remote/internal/handlers/apps.go:69.45,73.47 3 0
github.com/pandeptwidyaop/http-remote/internal/handlers/apps.go:73.47,76.3 2 0
github.com/pandeptwidyaop/http-remote/internal/handlers/apps.go:78.2,79.16 2 0
github.com/pandeptwidyaop/http-remote/internal/handlers/apps.go:79.16,80.37 1 0
github.com/pandeptwidyaop/http-remote/internal/handlers/apps.go:80.37,83.4 2 0
github.com/pandeptwidyaop/http-remote/internal/handlers/apps.go:84.3,85.9 2 0
github.com/pandeptwidyaop/http-remote/internal/handlers/apps.go:88.2,88.28 1 0
github.com/pandeptwidyaop/http-remote/internal/handlers/apps.go:91.45,94.51 2 0
github.com/pandeptwidyaop/http-remote/internal/handlers/apps.go:94.51,95.37 1 0
github.com/pandeptwidyaop/http-remote/internal/handlers/apps.go:95.37,98.4 2 0
github.com/pandeptwidyaop/http-remote/internal/handlers/apps.go:99.3,100.9 2 0
github.com/pandeptwidyaop/http-remote/internal/handlers/apps.go:103.2,103.56 1 0
github.com/pandeptwidyaop/http-remote/internal/handlers/apps.go:106.54,110.16 3 0
github.com/pandeptwidyaop/http-remote/internal/handlers/apps.go:110.16,111.37 1 0
github.com/pandeptwidyaop/http-remote/internal/handlers/apps.go:111.37,114.4 2 0
github.com/pandeptwidyaop/http-remote/internal/handlers/apps.go:115.3,116.9 2 0
github.com/pandeptwidyaop/http-remote/internal/handlers/apps.go:119.2,119.28 1 0
github.com/pandeptwidyaop/http-remote/internal/handlers/apps.go:122.51,126.16 3 0
github.com/pandeptwidyaop/http-remote/internal/handlers/apps.go:126.16,129.3 2 0
github.com/pandeptwidyaop/http-remote/internal/handlers/apps.go:131.2,131.33 1 0
github.com/pandeptwidyaop/http-remote/internal/handlers/apps.go:134.52,138.47 3 0
github.com/pandeptwidyaop/http-remote/internal/handlers/apps.go:138.47,141.3 2 0
github.com/pandeptwidyaop/http-remote/internal/handlers/apps.go:143.2,144.16 2 0
github.com/pandeptwidyaop/http-remote/internal/handlers/apps.go:144.16,145.37 1 0
github.com/pandeptwidyaop/http-remote/internal/handlers/apps.go:145.37,148.4 2 0
github.com/pandeptwidyaop/http-remote/internal/handlers/apps.go:149.3,150.9 2 0
github.com/pandeptwidyaop/http-remote/internal/handlers/apps.go:153.2,153.33 1 0
github.com/pandeptwidyaop/http-remote/internal/handlers/audit.go:16.92,21.2 1 0
github.com/pandeptwidyaop/http-remote/internal/handlers/audit.go:24.45,29.16 4 0
github.com/pandeptwidyaop/http-remote/internal/handlers/audit.go:29.16,32.3 2 0
github.com/pandeptwidyaop/http-remote/internal/handlers/audit.go:34.2,34.29 1 0
github.com/pandeptwidyaop/http-remote/internal/handlers/audit.go:38.45,42.2 1 0
github.com/pandeptwidyaop/http-remote/internal/handlers/auth.go:19.144,26.2 1 0
github.com/pandeptwidyaop/http-remote/internal/handlers/auth.go:33.49,37.2 1 0
github.com/pandeptwidyaop/http-remote/internal/handlers/auth.go:39.45,42.55 2 0
github.com/pandeptwidyaop/http-remote/internal/handlers/auth.go:42.55,43.48 1 0
github.com/pandeptwidyaop/http-remote/internal/handlers/auth.go:43.48,46.4 2 0
github.com/pandeptwidyaop/http-remote/internal/handlers/auth.go:47.8,48.44 1 0
github.com/pandeptwidyaop/http-remote/internal/handlers/auth.go:48.44,54.4 2 0
github.com/pandeptwidyaop/http-remote/internal/handlers/auth.go:57.2,58.16 2 0
github.com/pandeptwidyaop/http-remote/internal/handlers/auth.go:58.16,68.56 2 0
github.com/pandeptwidyaop/http-remote/internal/handlers/auth.go:68.56,71.4 2 0
github.com/pandeptwidyaop/http-remote/internal/handlers/auth.go:72.3,76.9 2 0
github.com/pandeptwidyaop/http-remote/internal/handlers/auth.go:80.2,81.17 2 0
github.com/pandeptwidyaop/http-remote/internal/handlers/auth.go:81.17,83.3 1 0
github.com/pandeptwidyaop/http-remote/internal/handlers/auth.go:85.2,95.55 2 0
github.com/pandeptwidyaop/http-remote/internal/handlers/auth.go:95.55,101.3 2 0
github.com/pandeptwidyaop/http-remote/internal/handlers/auth.go:103.2,103.48 1 0
github.com/pandeptwidyaop/http-remote/internal/handlers/auth.go:106.46,109.12 2 0
github.com/pandeptwidyaop/http-remote/internal/handlers/auth.go:109.12,112.3 2 0
github.com/pandeptwidyaop/http-remote/internal/handlers/auth.go:114.2,115.21 2 0
github.com/pandeptwidyaop/http-remote/internal/handlers/auth.go:115.21,117.3 1 0
github.com/pandeptwidyaop/http-remote/internal/handlers/auth.go:119.2,121.102 2 0
github.com/pandeptwidyaop/http-remote/internal/handlers/auth.go:121.102,124.3 2 0
github.com/pandeptwidyaop/http-remote/internal/handlers/auth.go:126.2,126.53 1 0
github.com/pandeptwidyaop/http-remote/internal/handlers/auth.go:129.42,131.13 2 0
github.com/pandeptwidyaop/http-remote/internal/handlers/auth.go:131.13,134.3 2 0
github.com/pandeptwidyaop/http-remote/internal/handlers/auth.go:136.2,141.4 2 0
github.com/pandeptwidyaop/http-remote/internal/handlers/commands.go:19.172,26.2 1 0
github.com/pandeptwidyaop/http-remote/internal/handlers/commands.go:28.46,32.16 3 0
github.com/pandeptwidyaop/http-remote/internal/handlers/commands.go:32.16,33.41 1 0
github.com/pandeptwidyaop/http-remote/internal/handlers/commands.go:33.41,36.4 2 0
github.com/pandeptwidyaop/http-remote/internal/handlers/commands.go:37.3,38.9 2 0
github.com/pandeptwidyaop/http-remote/internal/handlers/commands.go:41.2,41.28 1 0
github.com/pandeptwidyaop/http-remote/internal/handlers/commands.go:44.49,48.47 3 0
github.com/pandeptwidyaop/http-remote/internal/handlers/commands.go:48.47,51.3 2 0
github.com/pandeptwidyaop/http-remote/internal/handlers/commands.go:53.2,54.16 2 0
github.com/pandeptwidyaop/http-remote/internal/handlers/commands.go:54.16,55.41 1 0
github.com/pandeptwidyaop/http-remote/internal/handlers/commands.go:55.41,58.4 2 0
github.com/pandeptwidyaop/http-remote/internal/handlers/commands.go:59.3,60.9 2 0
github.com/pandeptwidyaop/http-remote/internal/handlers/commands.go:64.2,65.38 2 0
github.com/pandeptwidyaop/http-remote/internal/handlers/commands.go:65.38,67.3 1 0
github.com/pandeptwidyaop/http-remote/internal/handlers/commands.go:69.2,69.28 1 0
github.com/pandeptwidyaop/http-remote/internal/handlers/commands.go:72.49,78.55 3 0
github.com/pandeptwidyaop/http-remote/internal/handlers/commands.go:78.55,79.41 1 0
github.com/pandeptwidyaop/http-remote/internal/handlers/commands.go:79.41,82.4 2 0
github.com/pandeptwidyaop/http-remote/internal/handlers/commands.go:83.3,84.9 2 0
github.com/pandeptwidyaop/http-remote/internal/handlers/commands.go:88.2,89.52 2 0
github.com/pandeptwidyaop/http-remote/internal/handlers/commands.go:89.52,91.3 1 0
github.com/pandeptwidyaop/http-remote/internal/handlers/commands.go:93.2,93.60 1 0
github.com/pandeptwidyaop/http-remote/internal/handlers/commands.go:96.50,100.16 3 0
github.com/pandeptwidyaop/http-remote/internal/handlers/commands.go:100.16,101.41 1 0
github.com/pandeptwidyaop/http-remote/internal/handlers/commands.go:101.41,104.4 2 0
github.com/pandeptwidyaop/http-remote/internal/handlers/commands.go:105.3,106.9 2 0
github.com/pandeptwidyaop/http-remote/internal/handlers/commands.go:109.2,113.16 4 0
github.com/pandeptwidyaop/http-remote/internal/handlers/commands.go:113.16,116.3 2 0
github.com/pandeptwidyaop/http-remote/internal/handlers/commands.go:118.2,123.4 2 0
github.com/pandeptwidyaop/http-remote/internal/handlers/commands.go:126.57,131.16 4 0
github.com/pandeptwidyaop/http-remote/internal/handlers/commands.go:131.16,134.3 2 0
github.com/pandeptwidyaop/http-remote/internal/handlers/commands.go:136.2,136.35 1 0
github.com/pandeptwidyaop/http-remote/internal/handlers/commands.go:139.55,143.16 3 0
github.com/pandeptwidyaop/http-remote/internal/handlers/commands.go:143.16,144.43 1 0
github.com/pandeptwidyaop/http-remote/internal/handlers/commands.go:144.43,147.4 2 0
github.com/pandeptwidyaop/http-remote/internal/handlers/commands.go:148.3,149.9 2 0
github.com/pandeptwidyaop/http-remote/internal/handlers/commands.go:152.2,152.34 1 0
github.com/pandeptwidyaop/http-remote/internal/handlers/deploy.go:17.133,23.2 1 0
github.com/pandeptwidyaop/http-remote/internal/handlers/deploy.go:32.48,36.17 3 0
github.com/pandeptwidyaop/http-remote/internal/handlers/deploy.go:36.17,39.3 2 0
github.com/pandeptwidyaop/http-remote/internal/handlers/deploy.go:42.2,43.16 2 0
github.com/pandeptwidyaop/http-remote/internal/handlers/deploy.go:43.16,44.37 1 0
github.com/pandeptwidyaop/http-remote/internal/handlers/deploy.go:44.37,47.4 2 0
github.com/pandeptwidyaop/http-remote/internal/handlers/deploy.go:48.3,49.9 2 0
github.com/pandeptwidyaop/http-remote/internal/handlers/deploy.go:53.2,53.71 1 0
github.com/pandeptwidyaop/http-remote/internal/handlers/deploy.go:53.71,56.3 2 0
github.com/pandeptwidyaop/http-remote/internal/handlers/deploy.go:59.2,63.25 4 0
github.com/pandeptwidyaop/http-remote/internal/handlers/deploy.go:63.25,66.17 2 0
github.com/pandeptwidyaop/http-remote/internal/handlers/deploy.go:66.17,69.4 2 0
github.com/pandeptwidyaop/http-remote/internal/handlers/deploy.go:70.3,70.25 1 0
github.com/pandeptwidyaop/http-remote/internal/handlers/deploy.go:70.25,73.4 2 0
github.com/pandeptwidyaop/http-remote/internal/handlers/deploy.go:74.3,74.21 1 0
github.com/pandeptwidyaop/http-remote/internal/handlers/deploy.go:75.8,78.17 2 0
github.com/pandeptwidyaop/http-remote/internal/handlers/deploy.go:78.17,81.4 2 0
github.com/pandeptwidyaop/http-remote/internal/handlers/deploy.go:82.3,82.21 1 0
github.com/pandeptwidyaop/http-remote/internal/handlers/deploy.go:86.2,87.16 2 0
github.com/pandeptwidyaop/http-remote/internal/handlers/deploy.go:87.16,90.3 2 0
github.com/pandeptwidyaop/http-remote/internal/handlers/deploy.go:93.2,102.4 2 0
github.com/pandeptwidyaop/http-remote/internal/handlers/deploy.go:108.54,113.17 4 0
github.com/pandeptwidyaop/http-remote/internal/handlers/deploy.go:113.17,116.3 2 0
github.com/pandeptwidyaop/http-remote/internal/handlers/deploy.go:119.2,120.16 2 0
github.com/pandeptwidyaop/http-remote/internal/handlers/deploy.go:120.16,121.37 1 0
github.com/pandeptwidyaop/http-remote/internal/handlers/deploy.go:121.37,124.4 2 0
github.com/pandeptwidyaop/http-remote/internal/handlers/deploy.go:125.3,126.9 2 0
github.com/pandeptwidyaop/http-remote/internal/handlers/deploy.go:130.2,130.71 1 0
github.com/pandeptwidyaop/http-remote/internal/handlers/deploy.go:130.71,133.3 2 0
github.com/pandeptwidyaop/http-remote/internal/handlers/deploy.go:135.2,136.16 2 0
github.com/pandeptwidyaop/http-remote/internal/handlers/deploy.go:136.16,137.43 1 0
github.com/pandeptwidyaop/http-remote/internal/handlers/deploy.go:137.43,140.4 2 0
github.com/pandeptwidyaop/http-remote/internal/handlers/deploy.go:141.3,142.9 2 0
github.com/pandeptwidyaop/http-remote/internal/handlers/deploy.go:145.2,145.34 1 0
github.com/pandeptwidyaop/http-remote/internal/handlers/deploy.go:151.54,156.17 4 0
github.com/pandeptwidyaop/http-remote/internal/handlers/deploy.go:156.17,159.3 2 0
github.com/pandeptwidyaop/http-remote/internal/handlers/deploy.go:162.2,163.16 2 0
github.com/pandeptwidyaop/http-remote/internal/handlers/deploy.go:163.16,164.37 1 0
github.com/pandeptwidyaop/http-remote/internal/handlers/deploy.go:164.37,167.4 2 0
github.com/pandeptwidyaop/http-remote/internal/handlers/deploy.go:168.3,169.9 2 0
github.com/pandeptwidyaop/http-remote/internal/handlers/deploy.go:173.2,173.71 1 0
github.com/pandeptwidyaop/http-remote/internal/handlers/deploy.go:173.71,176.3 2 0
github.com/pandeptwidyaop/http-remote/internal/handlers/deploy.go:179.2,180.16 2 0
github.com/pandeptwidyaop/http-remote/internal/handlers/deploy.go:180.16,181.43 1 0
github.com/pandeptwidyaop/http-remote/internal/handlers/deploy.go:181.43,184.4 2 0
github.com/pandeptwidyaop/http-remote/internal/handlers/deploy.go:185.3,186.9 2 0
github.com/pandeptwidyaop/http-remote/internal/handlers/deploy.go:190.2,191.47 2 0
github.com/pandeptwidyaop/http-remote/internal/handlers/stream.go:18.81,22.2 1 0
github.com/pandeptwidyaop/http-remote/internal/handlers/stream.go:24.48,27.2 2 0
github.com/pandeptwidyaop/http-remote/internal/handlers/stream.go:29.68,31.16 2 0
github.com/pandeptwidyaop/http-remote/internal/handlers/stream.go:31.16,32.43 1 0
github.com/pandeptwidyaop/http-remote/internal/handlers/stream.go:32.43,35.4 2 0
github.com/pandeptwidyaop/http-remote/internal/handlers/stream.go:36.3,37.9 2 0
github.com/pandeptwidyaop/http-remote/internal/handlers/stream.go:40.2,40.89 1 0
github.com/pandeptwidyaop/http-remote/internal/handlers/stream.go:40.89,45.29 4 0
github.com/pandeptwidyaop/http-remote/internal/handlers/stream.go:45.29,47.31 2 0
github.com/pandeptwidyaop/http-remote/internal/handlers/stream.go:47.31,48.19 1 0
github.com/pandeptwidyaop/http-remote/internal/handlers/stream.go:48.19,50.6 1 0
github.com/pandeptwidyaop/http-remote/internal/handlers/stream.go:54.3,55.32 2 0
github.com/pandeptwidyaop/http-remote/internal/handlers/stream.go:55.32,57.4 1 0
github.com/pandeptwidyaop/http-remote/internal/handlers/stream.go:58.3,60.9 3 0
github.com/pandeptwidyaop/http-remote/internal/handlers/stream.go:63.2,71.34 7 0
github.com/pandeptwidyaop/http-remote/internal/handlers/stream.go:71.34,72.10 1 0
github.com/pandeptwidyaop/http-remote/internal/handlers/stream.go:73.24,74.11 1 0
github.com/pandeptwidyaop/http-remote/internal/handlers/stream.go:74.11,76.5 1 0
github.com/pandeptwidyaop/http-remote/internal/handlers/stream.go:78.4,78.41 1 0
github.com/pandeptwidyaop/http-remote/internal/handlers/stream.go:78.41,81.5 2 0
github.com/pandeptwidyaop/http-remote/internal/handlers/stream.go:81.10,81.50 1 0
github.com/pandeptwidyaop/http-remote/internal/handlers/stream.go:81.50,86.48 4 0
github.com/pandeptwidyaop/http-remote/internal/handlers/stream.go:86.48,89.6 2 0
github.com/pandeptwidyaop/http-remote/internal/handlers/stream.go:90.5,91.17 2 0
github.com/pandeptwidyaop/http-remote/internal/handlers/stream.go:93.4,93.15 1 0
github.com/pandeptwidyaop/http-remote/internal/handlers/stream.go:94.37,95.16 1 0
github.com/pandeptwidyaop/http-remote/internal/handlers/version.go:13.42,15.2 1 1
github.com/pandeptwidyaop/http-remote/internal/handlers/version.go:19.54,21.16 2 1
github.com/pandeptwidyaop/http-remote/internal/handlers/version.go:21.16,29.3 2 0
github.com/pandeptwidyaop/http-remote/internal/handlers/version.go:31.2,38.4 2 1
github.com/pandeptwidyaop/http-remote/internal/handlers/web.go:19.127,25.2 1 0
github.com/pandeptwidyaop/http-remote/internal/handlers/web.go:27.48,41.2 5 0
github.com/pandeptwidyaop/http-remote/internal/handlers/web.go:43.47,55.2 4 0
github.com/pandeptwidyaop/http-remote/internal/handlers/web.go:57.52,64.16 5 0
github.com/pandeptwidyaop/http-remote/internal/handlers/web.go:64.16,67.3 2 0
github.com/pandeptwidyaop/http-remote/internal/handlers/web.go:69.2,77.4 2 0
github.com/pandeptwidyaop/http-remote/internal/handlers/web.go:80.50,87.16 5 0
github.com/pandeptwidyaop/http-remote/internal/handlers/web.go:87.16,90.3 2 0
github.com/pandeptwidyaop/http-remote/internal/handlers/web.go:92.2,100.4 2 0
github.com/pandeptwidyaop/http-remote/internal/handlers/web.go:103.53,115.2 4 0
github.com/pandeptwidyaop/http-remote/internal/services/apps.go:24.49,26.2 1 14
github.com/pandeptwidyaop/http-remote/internal/services/apps.go:28.83,36.16 4 17
github.com/pandeptwidyaop/http-remote/internal/services/apps.go:36.16,38.3 1 1
github.com/pandeptwidyaop/http-remote/internal/services/apps.go:40.2,40.25 1 16
github.com/pandeptwidyaop/http-remote/internal/services/apps.go:43.65,50.26 3 32
github.com/pandeptwidyaop/http-remote/internal/services/apps.go:50.26,52.3 1 2
github.com/pandeptwidyaop/http-remote/internal/services/apps.go:53.2,53.16 1 30
github.com/pandeptwidyaop/http-remote/internal/services/apps.go:53.16,55.3 1 0
github.com/pandeptwidyaop/http-remote/internal/services/apps.go:56.2,56.18 1 30
github.com/pandeptwidyaop/http-remote/internal/services/apps.go:59.71,66.26 3 0
github.com/pandeptwidyaop/http-remote/internal/services/apps.go:66.26,68.3 1 0
github.com/pandeptwidyaop/http-remote/internal/services/apps.go:69.2,69.16 1 0
github.com/pandeptwidyaop/http-remote/internal/services/apps.go:69.16,71.3 1 0
github.com/pandeptwidyaop/http-remote/internal/services/apps.go:72.2,72.18 1 0
github.com/pandeptwidyaop/http-remote/internal/services/apps.go:75.57,79.16 2 1
github.com/pandeptwidyaop/http-remote/internal/services/apps.go:79.16,81.3 1 0
github.com/pandeptwidyaop/http-remote/internal/services/apps.go:82.2,85.18 3 1
github.com/pandeptwidyaop/http-remote/internal/services/apps.go:85.18,87.134 2 3
github.com/pandeptwidyaop/http-remote/internal/services/apps.go:87.134,89.4 1 0
github.com/pandeptwidyaop/http-remote/internal/services/apps.go:90.3,90.27 1 3
github.com/pandeptwidyaop/http-remote/internal/services/apps.go:92.2,92.18 1 1
github.com/pandeptwidyaop/http-remote/internal/services/apps.go:95.94,97.16 2 1
github.com/pandeptwidyaop/http-remote/internal/services/apps.go:97.16,99.3 1 0
github.com/pandeptwidyaop/http-remote/internal/services/apps.go:101.2,101.20 1 1
github.com/pandeptwidyaop/http-remote/internal/services/apps.go:101.20,103.3 1 1
github.com/pandeptwidyaop/http-remote/internal/services/apps.go:104.2,104.27 1 1
github.com/pandeptwidyaop/http-remote/internal/services/apps.go:104.27,106.3 1 1
github.com/pandeptwidyaop/http-remote/internal/services/apps.go:107.2,107.26 1 1
github.com/pandeptwidyaop/http-remote/internal/services/apps.go:107.26,109.3 1 1
github.com/pandeptwidyaop/http-remote/internal/services/apps.go:111.2,115.16 2 1
github.com/pandeptwidyaop/http-remote/internal/services/apps.go:115.16,117.3 1 0
github.com/pandeptwidyaop/http-remote/internal/services/apps.go:119.2,119.25 1 1
github.com/pandeptwidyaop/http-remote/internal/services/apps.go:122.70,124.16 2 1
github.com/pandeptwidyaop/http-remote/internal/services/apps.go:124.16,126.3 1 0
github.com/pandeptwidyaop/http-remote/internal/services/apps.go:128.2,133.16 3 1
github.com/pandeptwidyaop/http-remote/internal/services/apps.go:133.16,135.3 1 0
github.com/pandeptwidyaop/http-remote/internal/services/apps.go:137.2,137.25 1 1
github.com/pandeptwidyaop/http-remote/internal/services/apps.go:140.49,143.16 2 2
github.com/pandeptwidyaop/http-remote/internal/services/apps.go:143.16,145.3 1 0
github.com/pandeptwidyaop/http-remote/internal/services/apps.go:148.2,149.16 2 2
github.com/pandeptwidyaop/http-remote/internal/services/apps.go:149.16,151.3 1 0
github.com/pandeptwidyaop/http-remote/internal/services/apps.go:153.2,154.15 2 2
github.com/pandeptwidyaop/http-remote/internal/services/apps.go:154.15,156.3 1 1
github.com/pandeptwidyaop/http-remote/internal/services/apps.go:157.2,157.12 1 1
github.com/pandeptwidyaop/http-remote/internal/services/apps.go:160.109,161.47 1 8
github.com/pandeptwidyaop/http-remote/internal/services/apps.go:161.47,163.3 1 0
github.com/pandeptwidyaop/http-remote/internal/services/apps.go:165.2,167.18 3 8
github.com/pandeptwidyaop/http-remote/internal/services/apps.go:167.18,169.3 1 3
github.com/pandeptwidyaop/http-remote/internal/services/apps.go:171.2,175.16 2 8
github.com/pandeptwidyaop/http-remote/internal/services/apps.go:175.16,177.3 1 0
github.com/pandeptwidyaop/http-remote/internal/services/apps.go:179.2,179.29 1 8
github.com/pandeptwidyaop/http-remote/internal/services/apps.go:182.73,189.26 3 9
github.com/pandeptwidyaop/http-remote/internal/services/apps.go:189.26,191.3 1 1
github.com/pandeptwidyaop/http-remote/internal/services/apps.go:192.2,192.16 1 8
github.com/pandeptwidyaop/http-remote/internal/services/apps.go:192.16,194.3 1 0
github.com/pandeptwidyaop/http-remote/internal/services/apps.go:195.2,195.18 1 8
github.com/pandeptwidyaop/http-remote/internal/services/apps.go:198.81,203.16 2 1
github.com/pandeptwidyaop/http-remote/internal/services/apps.go:203.16,205.3 1 0
github.com/pandeptwidyaop/http-remote/internal/services/apps.go:206.2,209.18 3 1
github.com/pandeptwidyaop/http-remote/internal/services/apps.go:209.18,211.136 2 2
github.com/pandeptwidyaop/http-remote/internal/services/apps.go:211.136,213.4 1 0
github.com/pandeptwidyaop/http-remote/internal/services/apps.go:214.3,214.35 1 2
github.com/pandeptwidyaop/http-remote/internal/services/apps.go:216.2,216.22 1 1
github.com/pandeptwidyaop/http-remote/internal/services/apps.go:219.86,226.26 3 0
github.com/pandeptwidyaop/http-remote/internal/services/apps.go:226.26,228.3 1 0
github.com/pandeptwidyaop/http-remote/internal/services/apps.go:229.2,229.16 1 0
github.com/pandeptwidyaop/http-remote/internal/services/apps.go:229.16,231.3 1 0
github.com/pandeptwidyaop/http-remote/internal/services/apps.go:232.2,232.18 1 0
github.com/pandeptwidyaop/http-remote/internal/services/apps.go:235.106,237.16 2 0
github.com/pandeptwidyaop/http-remote/internal/services/apps.go:237.16,239.3 1 0
github.com/pandeptwidyaop/http-remote/internal/services/apps.go:241.2,241.20 1 0
github.com/pandeptwidyaop/http-remote/internal/services/apps.go:241.20,243.3 1 0
github.com/pandeptwidyaop/http-remote/internal/services/apps.go:244.2,244.27 1 0
github.com/pandeptwidyaop/http-remote/internal/services/apps.go:244.27,246.3 1 0
github.com/pandeptwidyaop/http-remote/internal/services/apps.go:247.2,247.23 1 0
github.com/pandeptwidyaop/http-remote/internal/services/apps.go:247.23,249.3 1 0
github.com/pandeptwidyaop/http-remote/internal/services/apps.go:250.2,250.28 1 0
github.com/pandeptwidyaop/http-remote/internal/services/apps.go:250.28,252.3 1 0
github.com/pandeptwidyaop/http-remote/internal/services/apps.go:254.2,258.16 2 0
github.com/pandeptwidyaop/http-remote/internal/services/apps.go:258.16,260.3 1 0
github.com/pandeptwidyaop/http-remote/internal/services/apps.go:262.2,262.29 1 0
github.com/pandeptwidyaop/http-remote/internal/services/apps.go:265.53,268.16 2 1
github.com/pandeptwidyaop/http-remote/internal/services/apps.go:268.16,270.3 1 0
github.com/pandeptwidyaop/http-remote/internal/services/apps.go:273.2,274.16 2 1
github.com/pandeptwidyaop/http-remote/internal/services/apps.go:274.16,276.3 1 0
github.com/pandeptwidyaop/http-remote/internal/services/apps.go:278.2,279.15 2 1
github.com/pandeptwidyaop/http-remote/internal/services/apps.go:279.15,281.3 1 0
github.com/pandeptwidyaop/http-remote/internal/services/apps.go:282.2,282.12 1 1
github.com/pandeptwidyaop/http-remote/internal/services/audit.go:14.53,16.2 1 0
github.com/pandeptwidyaop/http-remote/internal/services/audit.go:29.48,31.24 2 0
github.com/pandeptwidyaop/http-remote/internal/services/audit.go:31.24,33.17 2 0
github.com/pandeptwidyaop/http-remote/internal/services/audit.go:33.17,35.4 1 0
github.com/pandeptwidyaop/http-remote/internal/services/audit.go:38.2,43.16 2 0
github.com/pandeptwidyaop/http-remote/internal/services/audit.go:43.16,47.3 2 0
github.com/pandeptwidyaop/http-remote/internal/services/audit.go:49.2,49.12 1 0
github.com/pandeptwidyaop/http-remote/internal/services/audit.go:53.88,55.14 2 0
github.com/pandeptwidyaop/http-remote/internal/services/audit.go:55.14,57.3 1 0
github.com/pandeptwidyaop/http-remote/internal/services/audit.go:59.2,66.4 1 0
github.com/pandeptwidyaop/http-remote/internal/services/audit.go:69.75,78.2 1 0
github.com/pandeptwidyaop/http-remote/internal/services/audit.go:80.113,93.2 1 0
github.com/pandeptwidyaop/http-remote/internal/services/audit.go:95.113,108.2 1 0
github.com/pandeptwidyaop/http-remote/internal/services/audit.go:110.113,123.2 1 0
github.com/pandeptwidyaop/http-remote/internal/services/audit.go:125.136,139.2 1 0
github.com/pandeptwidyaop/http-remote/internal/services/audit.go:155.76,156.16 1 0
github.com/pandeptwidyaop/http-remote/internal/services/audit.go:156.16,158.3 1 0
github.com/pandeptwidyaop/http-remote/internal/services/audit.go:160.2,166.16 2 0
github.com/pandeptwidyaop/http-remote/internal/services/audit.go:166.16,168.3 1 0
github.com/pandeptwidyaop/http-remote/internal/services/audit.go:169.2,173.18 3 0
github.com/pandeptwidyaop/http-remote/internal/services/audit.go:173.18,189.17 4 0
github.com/pandeptwidyaop/http-remote/internal/services/audit.go:189.17,190.12 1 0
github.com/pandeptwidyaop/http-remote/internal/services/audit.go:193.3,194.24 2 0
github.com/pandeptwidyaop/http-remote/internal/services/audit.go:194.24,196.4 1 0
github.com/pandeptwidyaop/http-remote/internal/services/audit.go:197.3,197.23 1 0
github.com/pandeptwidyaop/http-remote/internal/services/audit.go:197.23,199.4 1 0
github.com/pandeptwidyaop/http-remote/internal/services/audit.go:200.3,200.23 1 0
github.com/pandeptwidyaop/http-remote/internal/services/audit.go:200.23,202.4 1 0
github.com/pandeptwidyaop/http-remote/internal/services/audit.go:203.3,203.21 1 0
github.com/pandeptwidyaop/http-remote/internal/services/audit.go:203.21,205.4 1 0
github.com/pandeptwidyaop/http-remote/internal/services/audit.go:207.3,207.27 1 0
github.com/pandeptwidyaop/http-remote/internal/services/audit.go:210.2,210.18 1 0
github.com/pandeptwidyaop/http-remote/internal/services/auth.go:31.71,33.2 1 11
github.com/pandeptwidyaop/http-remote/internal/services/auth.go:35.69,38.2 2 11
github.com/pandeptwidyaop/http-remote/internal/services/auth.go:40.65,43.2 2 7
github.com/pandeptwidyaop/http-remote/internal/services/auth.go:45.97,47.16 2 10
github.com/pandeptwidyaop/http-remote/internal/services/auth.go:47.16,49.3 1 0
github.com/pandeptwidyaop/http-remote/internal/services/auth.go:51.2,55.16 2 10
github.com/pandeptwidyaop/http-remote/internal/services/auth.go:55.16,57.3 1 1
github.com/pandeptwidyaop/http-remote/internal/services/auth.go:59.2,60.26 2 9
github.com/pandeptwidyaop/http-remote/internal/services/auth.go:63.67,70.26 3 10
github.com/pandeptwidyaop/http-remote/internal/services/auth.go:70.26,72.3 1 0
github.com/pandeptwidyaop/http-remote/internal/services/auth.go:73.2,73.16 1 10
github.com/pandeptwidyaop/http-remote/internal/services/auth.go:73.16,75.3 1 0
github.com/pandeptwidyaop/http-remote/internal/services/auth.go:76.2,76.19 1 10
github.com/pandeptwidyaop/http-remote/internal/services/auth.go:79.80,86.26 3 8
github.com/pandeptwidyaop/http-remote/internal/services/auth.go:86.26,88.3 1 2
github.com/pandeptwidyaop/http-remote/internal/services/auth.go:89.2,89.16 1 6
github.com/pandeptwidyaop/http-remote/internal/services/auth.go:89.16,91.3 1 0
github.com/pandeptwidyaop/http-remote/internal/services/auth.go:92.2,92.19 1 6
github.com/pandeptwidyaop/http-remote/internal/services/auth.go:95.81,97.16 2 6
github.com/pandeptwidyaop/http-remote/internal/services/auth.go:97.16,99.3 1 1
github.com/pandeptwidyaop/http-remote/internal/services/auth.go:101.2,101.51 1 5
github.com/pandeptwidyaop/http-remote/internal/services/auth.go:101.51,103.3 1 1
github.com/pandeptwidyaop/http-remote/internal/services/auth.go:106.2,108.33 2 4
github.com/pandeptwidyaop/http-remote/internal/services/auth.go:112.66,115.2 2 5
github.com/pandeptwidyaop/http-remote/internal/services/auth.go:117.76,125.16 4 7
github.com/pandeptwidyaop/http-remote/internal/services/auth.go:125.16,127.3 1 0
github.com/pandeptwidyaop/http-remote/internal/services/auth.go:129.2,134.8 1 7
github.com/pandeptwidyaop/http-remote/internal/services/auth.go:137.79,144.26 3 7
github.com/pandeptwidyaop/http-remote/internal/services/auth.go:144.26,146.3 1 5
github.com/pandeptwidyaop/http-remote/internal/services/auth.go:147.2,147.16 1 2
github.com/pandeptwidyaop/http-remote/internal/services/auth.go:147.16,149.3 1 0
github.com/pandeptwidyaop/http-remote/internal/services/auth.go:151.2,151.41 1 2
github.com/pandeptwidyaop/http-remote/internal/services/auth.go:151.41,154.3 2 1
github.com/pandeptwidyaop/http-remote/internal/services/auth.go:156.2,156.38 1 1
github.com/pandeptwidyaop/http-remote/internal/services/auth.go:159.61,162.2 2 2
github.com/pandeptwidyaop/http-remote/internal/services/auth.go:164.52,167.2 2 1
github.com/pandeptwidyaop/http-remote/internal/services/auth.go:170.74,172.44 2 2
github.com/pandeptwidyaop/http-remote/internal/services/auth.go:172.44,174.3 1 0
github.com/pandeptwidyaop/http-remote/internal/services/auth.go:175.2,175.63 1 2
github.com/pandeptwidyaop/http-remote/internal/services/auth.go:178.47,180.28 2 0
github.com/pandeptwidyaop/http-remote/internal/services/auth.go:180.28,184.29 2 0
github.com/pandeptwidyaop/http-remote/internal/services/auth.go:184.29,186.18 2 0
github.com/pandeptwidyaop/http-remote/internal/services/auth.go:186.18,188.5 1 0
github.com/pandeptwidyaop/http-remote/internal/services/auth.go:189.4,193.55 5 0
github.com/pandeptwidyaop/http-remote/internal/services/auth.go:196.3,197.13 2 0
github.com/pandeptwidyaop/http-remote/internal/services/auth.go:199.2,199.12 1 0
github.com/pandeptwidyaop/http-remote/internal/services/executor.go:31.103,38.2 1 4
github.com/pandeptwidyaop/http-remote/internal/services/executor.go:40.102,47.16 3 14
github.com/pandeptwidyaop/http-remote/internal/services/executor.go:47.16,49.3 1 0
github.com/pandeptwidyaop/http-remote/internal/services/executor.go:51.2,51.31 1 14
github.com/pandeptwidyaop/http-remote/internal/services/executor.go:54.82,65.26 6 16
github.com/pandeptwidyaop/http-remote/internal/services/executor.go:65.26,67.3 1 1
github.com/pandeptwidyaop/http-remote/internal/services/executor.go:68.2,68.16 1 15
github.com/pandeptwidyaop/http-remote/internal/services/executor.go:68.16,70.3 1 0
github.com/pandeptwidyaop/http-remote/internal/services/executor.go:72.2,72.18 1 15
github.com/pandeptwidyaop/http-remote/internal/services/executor.go:72.18,74.3 1 0
github.com/pandeptwidyaop/http-remote/internal/services/executor.go:75.2,75.20 1 15
github.com/pandeptwidyaop/http-remote/internal/services/executor.go:75.20,78.3 2 0
github.com/pandeptwidyaop/http-remote/internal/services/executor.go:79.2,79.21 1 15
github.com/pandeptwidyaop/http-remote/internal/services/executor.go:79.21,81.3 1 0
github.com/pandeptwidyaop/http-remote/internal/services/executor.go:82.2,82.22 1 15
github.com/pandeptwidyaop/http-remote/internal/services/executor.go:82.22,84.3 1 0
github.com/pandeptwidyaop/http-remote/internal/services/executor.go:86.2,86.19 1 15
github.com/pandeptwidyaop/http-remote/internal/services/executor.go:89.99,90.16 1 3
github.com/pandeptwidyaop/http-remote/internal/services/executor.go:90.16,92.3 1 0
github.com/pandeptwidyaop/http-remote/internal/services/executor.go:94.2,105.16 2 3
github.com/pandeptwidyaop/http-remote/internal/services/executor.go:105.16,107.3 1 0
github.com/pandeptwidyaop/http-remote/internal/services/executor.go:108.2,111.18 3 3
github.com/pandeptwidyaop/http-remote/internal/services/executor.go:111.18,121.17 5 12
github.com/pandeptwidyaop/http-remote/internal/services/executor.go:121.17,123.4 1 0
github.com/pandeptwidyaop/http-remote/internal/services/executor.go:125.3,125.19 1 12
github.com/pandeptwidyaop/http-remote/internal/services/executor.go:125.19,127.4 1 0
github.com/pandeptwidyaop/http-remote/internal/services/executor.go:128.3,128.21 1 12
github.com/pandeptwidyaop/http-remote/internal/services/executor.go:128.21,131.4 2 0
github.com/pandeptwidyaop/http-remote/internal/services/executor.go:132.3,132.22 1 12
github.com/pandeptwidyaop/http-remote/internal/services/executor.go:132.22,134.4 1 0
github.com/pandeptwidyaop/http-remote/internal/services/executor.go:135.3,135.23 1 12
github.com/pandeptwidyaop/http-remote/internal/services/executor.go:135.23,137.4 1 0
github.com/pandeptwidyaop/http-remote/internal/services/executor.go:139.3,139.40 1 12
github.com/pandeptwidyaop/http-remote/internal/services/executor.go:141.2,141.24 1 3
github.com/pandeptwidyaop/http-remote/internal/services/executor.go:144.61,148.16 3 0
github.com/pandeptwidyaop/http-remote/internal/services/executor.go:148.16,153.3 4 0
github.com/pandeptwidyaop/http-remote/internal/services/executor.go:155.2,156.16 2 0
github.com/pandeptwidyaop/http-remote/internal/services/executor.go:156.16,161.3 4 0
github.com/pandeptwidyaop/http-remote/internal/services/executor.go:163.2,164.16 2 0
github.com/pandeptwidyaop/http-remote/internal/services/executor.go:164.16,169.3 4 0
github.com/pandeptwidyaop/http-remote/internal/services/executor.go:172.2,172.59 1 0
github.com/pandeptwidyaop/http-remote/internal/services/executor.go:172.59,178.3 5 0
github.com/pandeptwidyaop/http-remote/internal/services/executor.go:180.2,189.42 5 0
github.com/pandeptwidyaop/http-remote/internal/services/executor.go:189.42,191.3 1 0
github.com/pandeptwidyaop/http-remote/internal/services/executor.go:193.2,200.16 6 0
github.com/pandeptwidyaop/http-remote/internal/services/executor.go:200.16,205.3 4 0
github.com/pandeptwidyaop/http-remote/internal/services/executor.go:207.2,208.16 2 0
github.com/pandeptwidyaop/http-remote/internal/services/executor.go:208.16,213.3 4 0
github.com/pandeptwidyaop/http-remote/internal/services/executor.go:215.2,215.36 1 0
github.com/pandeptwidyaop/http-remote/internal/services/executor.go:215.36,220.3 4 0
github.com/pandeptwidyaop/http-remote/internal/services/executor.go:222.2,227.12 5 0
github.com/pandeptwidyaop/http-remote/internal/services/executor.go:227.12,230.3 2 0
github.com/pandeptwidyaop/http-remote/internal/services/executor.go:231.2,231.12 1 0
github.com/pandeptwidyaop/http-remote/internal/services/executor.go:231.12,234.3 2 0
github.com/pandeptwidyaop/http-remote/internal/services/executor.go:236.2,242.16 5 0
github.com/pandeptwidyaop/http-remote/internal/services/executor.go:242.16,244.47 2 0
github.com/pandeptwidyaop/http-remote/internal/services/executor.go:244.47,246.4 1 0
github.com/pandeptwidyaop/http-remote/internal/services/executor.go:246.9,248.4 1 0
github.com/pandeptwidyaop/http-remote/internal/services/executor.go:251.2,260.12 7 0
github.com/pandeptwidyaop/http-remote/internal/services/executor.go:263.105,265.21 2 0
github.com/pandeptwidyaop/http-remote/internal/services/executor.go:265.21,273.3 5 0
github.com/pandeptwidyaop/http-remote/internal/services/executor.go:276.114,282.2 2 0
github.com/pandeptwidyaop/http-remote/internal/services/executor.go:284.69,292.2 5 0
github.com/pandeptwidyaop/http-remote/internal/services/executor.go:294.75,299.29 4 0
github.com/pandeptwidyaop/http-remote/internal/services/executor.go:299.29,300.14 1 0
github.com/pandeptwidyaop/http-remote/internal/services/executor.go:300.14,303.9 3 0
github.com/pandeptwidyaop/http-remote/internal/services/executor.go:307.2,307.38 1 0
github.com/pandeptwidyaop/http-remote/internal/services/executor.go:307.38,309.3 1 0
github.com/pandeptwidyaop/http-remote/internal/services/executor.go:312.74,316.44 3 0
github.com/pandeptwidyaop/http-remote/internal/services/executor.go:316.44,317.10 1 0
github.com/pandeptwidyaop/http-remote/internal/services/executor.go:318.31,318.31 0 0
github.com/pandeptwidyaop/http-remote/internal/services/executor.go:319.11,319.11 0 0
github.com/pandeptwidyaop/http-remote/internal/services/executor.go:324.110,328.44 3 0
github.com/pandeptwidyaop/http-remote/internal/services/executor.go:328.44,329.10 1 0
github.com/pandeptwidyaop/http-remote/internal/services/executor.go:330.43,330.43 0 0
github.com/pandeptwidyaop/http-remote/internal/services/executor.go:331.11,331.11 0 0
