mode: atomic
github.com/pandeptwidyaop/http-remote/cmd/server/main.go:20.13,22.22 1 0
github.com/pandeptwidyaop/http-remote/cmd/server/main.go:22.22,23.21 1 0
github.com/pandeptwidyaop/http-remote/cmd/server/main.go:24.18,26.75 2 0
github.com/pandeptwidyaop/http-remote/cmd/server/main.go:26.75,28.5 1 0
github.com/pandeptwidyaop/http-remote/cmd/server/main.go:29.4,29.45 1 0
github.com/pandeptwidyaop/http-remote/cmd/server/main.go:29.45,32.5 2 0
github.com/pandeptwidyaop/http-remote/cmd/server/main.go:33.4,33.14 1 0
github.com/pandeptwidyaop/http-remote/cmd/server/main.go:34.18,38.14 4 0
github.com/pandeptwidyaop/http-remote/cmd/server/main.go:42.2,46.18 4 0
github.com/pandeptwidyaop/http-remote/cmd/server/main.go:46.18,51.3 4 0
github.com/pandeptwidyaop/http-remote/cmd/server/main.go:53.2,54.16 2 0
github.com/pandeptwidyaop/http-remote/cmd/server/main.go:54.16,59.3 3 0
github.com/pandeptwidyaop/http-remote/cmd/server/main.go:61.2,62.16 2 0
github.com/pandeptwidyaop/http-remote/cmd/server/main.go:62.16,64.3 1 0
github.com/pandeptwidyaop/http-remote/cmd/server/main.go:65.2,65.15 1 0
github.com/pandeptwidyaop/http-remote/cmd/server/main.go:65.15,66.36 1 0
github.com/pandeptwidyaop/http-remote/cmd/server/main.go:66.36,68.4 1 0
github.com/pandeptwidyaop/http-remote/cmd/server/main.go:71.2,71.37 1 0
github.com/pandeptwidyaop/http-remote/cmd/server/main.go:71.37,73.3 1 0
github.com/pandeptwidyaop/http-remote/cmd/server/main.go:76.2,77.38 2 0
github.com/pandeptwidyaop/http-remote/cmd/server/main.go:77.38,91.3 13 0
github.com/pandeptwidyaop/http-remote/cmd/server/main.go:93.2,94.16 2 0
github.com/pandeptwidyaop/http-remote/cmd/server/main.go:94.16,96.3 1 0
github.com/pandeptwidyaop/http-remote/cmd/server/main.go:97.2,97.20 1 0
github.com/pandeptwidyaop/http-remote/cmd/server/main.go:97.20,99.3 1 0
github.com/pandeptwidyaop/http-remote/cmd/server/main.go:100.2,101.16 2 0
github.com/pandeptwidyaop/http-remote/cmd/server/main.go:101.16,103.3 1 0
github.com/pandeptwidyaop/http-remote/cmd/server/main.go:104.2,111.54 6 0
github.com/pandeptwidyaop/http-remote/cmd/server/main.go:111.54,112.50 1 0
github.com/pandeptwidyaop/http-remote/cmd/server/main.go:112.50,127.4 14 0
github.com/pandeptwidyaop/http-remote/cmd/server/main.go:128.3,128.53 1 0
github.com/pandeptwidyaop/http-remote/cmd/server/main.go:131.2,137.36 5 0
github.com/pandeptwidyaop/http-remote/cmd/server/main.go:137.36,139.3 1 0
github.com/pandeptwidyaop/http-remote/internal/router/router.go:20.190,38.16 13 0
github.com/pandeptwidyaop/http-remote/internal/router/router.go:38.16,39.62 1 0
github.com/pandeptwidyaop/http-remote/internal/router/router.go:44.2,44.39 1 0
github.com/pandeptwidyaop/http-remote/internal/router/router.go:44.39,49.17 4 0
github.com/pandeptwidyaop/http-remote/internal/router/router.go:49.17,52.4 2 0
github.com/pandeptwidyaop/http-remote/internal/router/router.go:55.3,56.63 2 0
github.com/pandeptwidyaop/http-remote/internal/router/router.go:56.63,58.4 1 0
github.com/pandeptwidyaop/http-remote/internal/router/router.go:58.9,58.71 1 0
github.com/pandeptwidyaop/http-remote/internal/router/router.go:58.71,60.4 1 0
github.com/pandeptwidyaop/http-remote/internal/router/router.go:62.3,62.43 1 0
github.com/pandeptwidyaop/http-remote/internal/router/router.go:66.2,67.65 2 0
github.com/pandeptwidyaop/http-remote/internal/router/router.go:67.65,69.3 1 0
github.com/pandeptwidyaop/http-remote/internal/router/router.go:70.2,102.2 25 0
github.com/pandeptwidyaop/http-remote/internal/router/router.go:102.2,104.44 1 0
github.com/pandeptwidyaop/http-remote/internal/router/router.go:104.44,106.4 1 0
github.com/pandeptwidyaop/http-remote/internal/router/router.go:108.3,113.3 5 0
github.com/pandeptwidyaop/http-remote/internal/router/router.go:113.3,177.4 47 0
github.com/pandeptwidyaop/http-remote/internal/router/router.go:182.2,183.65 2 0
github.com/pandeptwidyaop/http-remote/internal/router/router.go:183.65,185.3 1 0
github.com/pandeptwidyaop/http-remote/internal/router/router.go:186.2,186.38 1 0
github.com/pandeptwidyaop/http-remote/internal/router/router.go:186.38,188.17 2 0
github.com/pandeptwidyaop/http-remote/internal/router/router.go:188.17,191.4 2 0
github.com/pandeptwidyaop/http-remote/internal/router/router.go:192.3,192.58 1 0
github.com/pandeptwidyaop/http-remote/internal/router/router.go:196.2,196.65 1 0
github.com/pandeptwidyaop/http-remote/internal/router/router.go:196.65,197.53 1 0
github.com/pandeptwidyaop/http-remote/internal/router/router.go:197.53,199.18 2 0
github.com/pandeptwidyaop/http-remote/internal/router/router.go:199.18,202.5 2 0
github.com/pandeptwidyaop/http-remote/internal/router/router.go:203.4,203.59 1 0
github.com/pandeptwidyaop/http-remote/internal/router/router.go:208.2,208.65 1 0
github.com/pandeptwidyaop/http-remote/internal/router/router.go:208.65,209.35 1 0
github.com/pandeptwidyaop/http-remote/internal/router/router.go:209.35,211.4 1 0
github.com/pandeptwidyaop/http-remote/internal/router/router.go:215.2,215.33 1 0
github.com/pandeptwidyaop/http-remote/internal/router/router.go:215.33,217.3 1 0
github.com/pandeptwidyaop/http-remote/internal/router/router.go:219.2,219.10 1 0
github.com/pandeptwidyaop/http-remote/internal/upgrade/upgrade.go:36.51,38.16 2 0
github.com/pandeptwidyaop/http-remote/internal/upgrade/upgrade.go:38.16,40.3 1 0
github.com/pandeptwidyaop/http-remote/internal/upgrade/upgrade.go:41.2,41.15 1 0
github.com/pandeptwidyaop/http-remote/internal/upgrade/upgrade.go:41.15,41.40 1 0
github.com/pandeptwidyaop/http-remote/internal/upgrade/upgrade.go:43.2,43.38 1 0
github.com/pandeptwidyaop/http-remote/internal/upgrade/upgrade.go:43.38,45.3 1 0
github.com/pandeptwidyaop/http-remote/internal/upgrade/upgrade.go:47.2,48.68 2 0
github.com/pandeptwidyaop/http-remote/internal/upgrade/upgrade.go:48.68,50.3 1 0
github.com/pandeptwidyaop/http-remote/internal/upgrade/upgrade.go:52.2,52.22 1 0
github.com/pandeptwidyaop/http-remote/internal/upgrade/upgrade.go:56.39,63.56 4 0
github.com/pandeptwidyaop/http-remote/internal/upgrade/upgrade.go:63.56,65.3 1 0
github.com/pandeptwidyaop/http-remote/internal/upgrade/upgrade.go:67.2,67.26 1 0
github.com/pandeptwidyaop/http-remote/internal/upgrade/upgrade.go:71.28,73.2 1 0
github.com/pandeptwidyaop/http-remote/internal/upgrade/upgrade.go:76.59,79.39 2 0
github.com/pandeptwidyaop/http-remote/internal/upgrade/upgrade.go:79.39,80.33 1 0
github.com/pandeptwidyaop/http-remote/internal/upgrade/upgrade.go:80.33,82.4 1 0
github.com/pandeptwidyaop/http-remote/internal/upgrade/upgrade.go:85.2,85.89 1 0
github.com/pandeptwidyaop/http-remote/internal/upgrade/upgrade.go:89.85,92.16 2 0
github.com/pandeptwidyaop/http-remote/internal/upgrade/upgrade.go:92.16,94.3 1 0
github.com/pandeptwidyaop/http-remote/internal/upgrade/upgrade.go:95.2,95.15 1 0
github.com/pandeptwidyaop/http-remote/internal/upgrade/upgrade.go:95.15,95.40 1 0
github.com/pandeptwidyaop/http-remote/internal/upgrade/upgrade.go:97.2,97.38 1 0
github.com/pandeptwidyaop/http-remote/internal/upgrade/upgrade.go:97.38,99.3 1 0
github.com/pandeptwidyaop/http-remote/internal/upgrade/upgrade.go:102.2,103.16 2 0
github.com/pandeptwidyaop/http-remote/internal/upgrade/upgrade.go:103.16,105.3 1 0
github.com/pandeptwidyaop/http-remote/internal/upgrade/upgrade.go:106.2,106.15 1 0
github.com/pandeptwidyaop/http-remote/internal/upgrade/upgrade.go:106.15,106.38 1 0
github.com/pandeptwidyaop/http-remote/internal/upgrade/upgrade.go:109.2,113.6 4 0
github.com/pandeptwidyaop/http-remote/internal/upgrade/upgrade.go:113.6,115.12 2 0
github.com/pandeptwidyaop/http-remote/internal/upgrade/upgrade.go:115.12,117.23 2 0
github.com/pandeptwidyaop/http-remote/internal/upgrade/upgrade.go:117.23,120.5 2 0
github.com/pandeptwidyaop/http-remote/internal/upgrade/upgrade.go:121.4,122.25 2 0
github.com/pandeptwidyaop/http-remote/internal/upgrade/upgrade.go:122.25,124.5 1 0
github.com/pandeptwidyaop/http-remote/internal/upgrade/upgrade.go:126.3,126.20 1 0
github.com/pandeptwidyaop/http-remote/internal/upgrade/upgrade.go:126.20,127.9 1 0
github.com/pandeptwidyaop/http-remote/internal/upgrade/upgrade.go:129.3,129.17 1 0
github.com/pandeptwidyaop/http-remote/internal/upgrade/upgrade.go:129.17,132.4 2 0
github.com/pandeptwidyaop/http-remote/internal/upgrade/upgrade.go:135.2,135.28 1 0
github.com/pandeptwidyaop/http-remote/internal/upgrade/upgrade.go:139.36,142.16 2 0
github.com/pandeptwidyaop/http-remote/internal/upgrade/upgrade.go:142.16,144.3 1 0
github.com/pandeptwidyaop/http-remote/internal/upgrade/upgrade.go:147.2,148.16 2 0
github.com/pandeptwidyaop/http-remote/internal/upgrade/upgrade.go:148.16,150.3 1 0
github.com/pandeptwidyaop/http-remote/internal/upgrade/upgrade.go:153.2,154.56 2 0
github.com/pandeptwidyaop/http-remote/internal/upgrade/upgrade.go:154.56,156.3 1 0
github.com/pandeptwidyaop/http-remote/internal/upgrade/upgrade.go:159.2,159.53 1 0
github.com/pandeptwidyaop/http-remote/internal/upgrade/upgrade.go:159.53,163.3 2 0
github.com/pandeptwidyaop/http-remote/internal/upgrade/upgrade.go:167.2,167.49 1 0
github.com/pandeptwidyaop/http-remote/internal/upgrade/upgrade.go:167.49,171.3 2 0
github.com/pandeptwidyaop/http-remote/internal/upgrade/upgrade.go:174.2,176.12 2 0
github.com/pandeptwidyaop/http-remote/internal/upgrade/upgrade.go:180.28,185.16 4 0
github.com/pandeptwidyaop/http-remote/internal/upgrade/upgrade.go:185.16,187.3 1 0
github.com/pandeptwidyaop/http-remote/internal/upgrade/upgrade.go:189.2,191.46 2 0
github.com/pandeptwidyaop/http-remote/internal/upgrade/upgrade.go:191.46,194.3 2 0
github.com/pandeptwidyaop/http-remote/internal/upgrade/upgrade.go:196.2,197.16 2 0
github.com/pandeptwidyaop/http-remote/internal/upgrade/upgrade.go:197.16,199.3 1 0
github.com/pandeptwidyaop/http-remote/internal/upgrade/upgrade.go:201.2,203.67 2 0
github.com/pandeptwidyaop/http-remote/internal/upgrade/upgrade.go:203.67,204.16 1 0
github.com/pandeptwidyaop/http-remote/internal/upgrade/upgrade.go:204.16,207.4 2 0
github.com/pandeptwidyaop/http-remote/internal/upgrade/upgrade.go:207.9,209.4 1 0
github.com/pandeptwidyaop/http-remote/internal/upgrade/upgrade.go:211.2,211.16 1 0
github.com/pandeptwidyaop/http-remote/internal/upgrade/upgrade.go:211.16,213.3 1 0
github.com/pandeptwidyaop/http-remote/internal/upgrade/upgrade.go:214.2,217.41 3 0
github.com/pandeptwidyaop/http-remote/internal/upgrade/upgrade.go:217.41,220.3 2 0
github.com/pandeptwidyaop/http-remote/internal/upgrade/upgrade.go:222.2,225.12 3 0
github.com/pandeptwidyaop/http-remote/internal/middleware/auth.go:21.70,22.30 1 0
github.com/pandeptwidyaop/http-remote/internal/middleware/auth.go:22.30,24.36 2 0
github.com/pandeptwidyaop/http-remote/internal/middleware/auth.go:24.36,25.23 1 0
github.com/pandeptwidyaop/http-remote/internal/middleware/auth.go:25.23,29.5 3 0
github.com/pandeptwidyaop/http-remote/internal/middleware/auth.go:30.4,31.10 2 0
github.com/pandeptwidyaop/http-remote/internal/middleware/auth.go:35.3,40.17 2 0
github.com/pandeptwidyaop/http-remote/internal/middleware/auth.go:40.17,42.23 2 0
github.com/pandeptwidyaop/http-remote/internal/middleware/auth.go:42.23,46.5 3 0
github.com/pandeptwidyaop/http-remote/internal/middleware/auth.go:47.4,48.10 2 0
github.com/pandeptwidyaop/http-remote/internal/middleware/auth.go:51.3,52.11 2 0
github.com/pandeptwidyaop/http-remote/internal/middleware/auth.go:56.40,62.2 1 0
github.com/pandeptwidyaop/http-remote/internal/middleware/auth.go:64.38,65.43 1 0
github.com/pandeptwidyaop/http-remote/internal/middleware/auth.go:65.43,66.35 1 0
github.com/pandeptwidyaop/http-remote/internal/middleware/auth.go:66.35,68.4 1 0
github.com/pandeptwidyaop/http-remote/internal/middleware/auth.go:70.2,70.14 1 0
github.com/pandeptwidyaop/http-remote/internal/middleware/auth.go:73.38,77.2 3 0
github.com/pandeptwidyaop/http-remote/internal/middleware/auth.go:80.64,81.30 1 0
github.com/pandeptwidyaop/http-remote/internal/middleware/auth.go:81.30,83.14 2 0
github.com/pandeptwidyaop/http-remote/internal/middleware/auth.go:83.14,87.4 3 0
github.com/pandeptwidyaop/http-remote/internal/middleware/auth.go:89.3,90.10 2 0
github.com/pandeptwidyaop/http-remote/internal/middleware/auth.go:90.10,94.4 3 0
github.com/pandeptwidyaop/http-remote/internal/middleware/auth.go:96.3,96.40 1 0
github.com/pandeptwidyaop/http-remote/internal/middleware/auth.go:96.40,100.4 3 0
github.com/pandeptwidyaop/http-remote/internal/middleware/auth.go:102.3,102.11 1 0
github.com/pandeptwidyaop/http-remote/internal/middleware/auth.go:107.37,109.2 1 0
github.com/pandeptwidyaop/http-remote/internal/middleware/auth.go:112.40,114.2 1 0
github.com/pandeptwidyaop/http-remote/internal/middleware/body_limit.go:11.52,12.30 1 0
github.com/pandeptwidyaop/http-remote/internal/middleware/body_limit.go:12.30,16.43 1 0
github.com/pandeptwidyaop/http-remote/internal/middleware/body_limit.go:16.43,19.4 2 0
github.com/pandeptwidyaop/http-remote/internal/middleware/body_limit.go:22.3,22.41 1 0
github.com/pandeptwidyaop/http-remote/internal/middleware/body_limit.go:22.41,28.4 3 0
github.com/pandeptwidyaop/http-remote/internal/middleware/body_limit.go:31.3,33.11 2 0
github.com/pandeptwidyaop/http-remote/internal/middleware/body_limit.go:38.41,40.2 1 0
github.com/pandeptwidyaop/http-remote/internal/middleware/body_limit.go:43.39,45.2 1 0
github.com/pandeptwidyaop/http-remote/internal/middleware/csrf.go:35.32,42.2 3 0
github.com/pandeptwidyaop/http-remote/internal/middleware/csrf.go:45.53,47.44 2 0
github.com/pandeptwidyaop/http-remote/internal/middleware/csrf.go:47.44,49.3 1 0
github.com/pandeptwidyaop/http-remote/internal/middleware/csrf.go:50.2,59.19 5 0
github.com/pandeptwidyaop/http-remote/internal/middleware/csrf.go:63.54,68.13 4 0
github.com/pandeptwidyaop/http-remote/internal/middleware/csrf.go:68.13,70.3 1 0
github.com/pandeptwidyaop/http-remote/internal/middleware/csrf.go:72.2,72.43 1 0
github.com/pandeptwidyaop/http-remote/internal/middleware/csrf.go:72.43,77.3 4 0
github.com/pandeptwidyaop/http-remote/internal/middleware/csrf.go:79.2,79.13 1 0
github.com/pandeptwidyaop/http-remote/internal/middleware/csrf.go:83.31,85.21 2 0
github.com/pandeptwidyaop/http-remote/internal/middleware/csrf.go:85.21,88.37 3 0
github.com/pandeptwidyaop/http-remote/internal/middleware/csrf.go:88.37,89.33 1 0
github.com/pandeptwidyaop/http-remote/internal/middleware/csrf.go:89.33,91.5 1 0
github.com/pandeptwidyaop/http-remote/internal/middleware/csrf.go:93.3,93.16 1 0
github.com/pandeptwidyaop/http-remote/internal/middleware/csrf.go:98.93,99.30 1 0
github.com/pandeptwidyaop/http-remote/internal/middleware/csrf.go:99.30,101.95 1 0
github.com/pandeptwidyaop/http-remote/internal/middleware/csrf.go:101.95,106.4 3 0
github.com/pandeptwidyaop/http-remote/internal/middleware/csrf.go:109.3,109.47 1 0
github.com/pandeptwidyaop/http-remote/internal/middleware/csrf.go:109.47,112.4 2 0
github.com/pandeptwidyaop/http-remote/internal/middleware/csrf.go:115.3,115.50 1 0
github.com/pandeptwidyaop/http-remote/internal/middleware/csrf.go:115.50,118.4 2 0
github.com/pandeptwidyaop/http-remote/internal/middleware/csrf.go:121.3,122.18 2 0
github.com/pandeptwidyaop/http-remote/internal/middleware/csrf.go:122.18,125.4 1 0
github.com/pandeptwidyaop/http-remote/internal/middleware/csrf.go:127.3,127.18 1 0
github.com/pandeptwidyaop/http-remote/internal/middleware/csrf.go:127.18,131.4 3 0
github.com/pandeptwidyaop/http-remote/internal/middleware/csrf.go:133.3,133.34 1 0
github.com/pandeptwidyaop/http-remote/internal/middleware/csrf.go:133.34,137.4 3 0
github.com/pandeptwidyaop/http-remote/internal/middleware/csrf.go:139.3,139.11 1 0
github.com/pandeptwidyaop/http-remote/internal/middleware/csrf.go:144.85,147.77 2 0
github.com/pandeptwidyaop/http-remote/internal/middleware/csrf.go:147.77,150.3 2 0
github.com/pandeptwidyaop/http-remote/internal/middleware/csrf.go:153.2,154.16 2 0
github.com/pandeptwidyaop/http-remote/internal/middleware/csrf.go:154.16,156.3 1 0
github.com/pandeptwidyaop/http-remote/internal/middleware/csrf.go:159.2,168.30 2 0
github.com/pandeptwidyaop/http-remote/internal/middleware/csrf.go:172.42,174.13 2 0
github.com/pandeptwidyaop/http-remote/internal/middleware/csrf.go:174.13,176.3 1 0
github.com/pandeptwidyaop/http-remote/internal/middleware/csrf.go:177.2,177.23 1 0
github.com/pandeptwidyaop/http-remote/internal/middleware/logging.go:11.31,12.30 1 0
github.com/pandeptwidyaop/http-remote/internal/middleware/logging.go:12.30,29.3 7 0
github.com/pandeptwidyaop/http-remote/internal/middleware/logging.go:33.48,34.30 1 0
github.com/pandeptwidyaop/http-remote/internal/middleware/logging.go:34.30,37.3 2 0
github.com/pandeptwidyaop/http-remote/internal/middleware/ratelimit.go:27.79,38.2 3 0
github.com/pandeptwidyaop/http-remote/internal/middleware/ratelimit.go:40.34,44.21 3 0
github.com/pandeptwidyaop/http-remote/internal/middleware/ratelimit.go:44.21,47.39 3 0
github.com/pandeptwidyaop/http-remote/internal/middleware/ratelimit.go:47.39,48.49 1 0
github.com/pandeptwidyaop/http-remote/internal/middleware/ratelimit.go:48.49,50.5 1 0
github.com/pandeptwidyaop/http-remote/internal/middleware/ratelimit.go:52.3,52.17 1 0
github.com/pandeptwidyaop/http-remote/internal/middleware/ratelimit.go:57.53,58.30 1 0
github.com/pandeptwidyaop/http-remote/internal/middleware/ratelimit.go:58.30,67.44 6 0
github.com/pandeptwidyaop/http-remote/internal/middleware/ratelimit.go:67.44,76.4 3 0
github.com/pandeptwidyaop/http-remote/internal/middleware/ratelimit.go:79.3,79.30 1 0
github.com/pandeptwidyaop/http-remote/internal/middleware/ratelimit.go:79.30,92.4 8 0
github.com/pandeptwidyaop/http-remote/internal/middleware/ratelimit.go:95.3,102.11 6 0
github.com/pandeptwidyaop/http-remote/internal/middleware/security.go:9.40,10.30 1 0
github.com/pandeptwidyaop/http-remote/internal/middleware/security.go:10.30,43.70 7 0
github.com/pandeptwidyaop/http-remote/internal/middleware/security.go:43.70,47.4 3 0
github.com/pandeptwidyaop/http-remote/internal/middleware/security.go:49.3,49.11 1 0
github.com/pandeptwidyaop/http-remote/internal/middleware/security.go:55.53,56.30 1 0
github.com/pandeptwidyaop/http-remote/internal/middleware/security.go:56.30,59.74 1 0
github.com/pandeptwidyaop/http-remote/internal/middleware/security.go:59.74,61.4 1 0
github.com/pandeptwidyaop/http-remote/internal/middleware/security.go:62.3,62.11 1 0
github.com/pandeptwidyaop/http-remote/internal/version/version.go:17.31,23.2 1 0
github.com/pandeptwidyaop/http-remote/internal/validation/validation.go:42.45,51.2 1 0
github.com/pandeptwidyaop/http-remote/internal/validation/validation.go:78.69,79.38 1 0
github.com/pandeptwidyaop/http-remote/internal/validation/validation.go:79.38,81.3 1 0
github.com/pandeptwidyaop/http-remote/internal/validation/validation.go:83.2,85.32 2 0
github.com/pandeptwidyaop/http-remote/internal/validation/validation.go:85.32,86.10 1 0
github.com/pandeptwidyaop/http-remote/internal/validation/validation.go:87.30,88.19 1 0
github.com/pandeptwidyaop/http-remote/internal/validation/validation.go:89.30,90.19 1 0
github.com/pandeptwidyaop/http-remote/internal/validation/validation.go:91.30,92.19 1 0
github.com/pandeptwidyaop/http-remote/internal/validation/validation.go:93.56,94.21 1 0
github.com/pandeptwidyaop/http-remote/internal/validation/validation.go:98.2,98.42 1 0
github.com/pandeptwidyaop/http-remote/internal/validation/validation.go:98.42,100.3 1 0
github.com/pandeptwidyaop/http-remote/internal/validation/validation.go:101.2,101.42 1 0
github.com/pandeptwidyaop/http-remote/internal/validation/validation.go:101.42,103.3 1 0
github.com/pandeptwidyaop/http-remote/internal/validation/validation.go:104.2,104.38 1 0
github.com/pandeptwidyaop/http-remote/internal/validation/validation.go:104.38,106.3 1 0
github.com/pandeptwidyaop/http-remote/internal/validation/validation.go:107.2,107.42 1 0
github.com/pandeptwidyaop/http-remote/internal/validation/validation.go:107.42,109.3 1 0
github.com/pandeptwidyaop/http-remote/internal/validation/validation.go:111.2,111.24 1 0
github.com/pandeptwidyaop/http-remote/internal/validation/validation.go:111.24,113.29 2 0
github.com/pandeptwidyaop/http-remote/internal/validation/validation.go:113.29,115.4 1 0
github.com/pandeptwidyaop/http-remote/internal/validation/validation.go:118.2,118.12 1 0
github.com/pandeptwidyaop/http-remote/internal/validation/validation.go:122.57,124.2 1 0
github.com/pandeptwidyaop/http-remote/internal/validation/validation.go:127.44,132.17 3 0
github.com/pandeptwidyaop/http-remote/internal/validation/validation.go:132.17,134.3 1 0
github.com/pandeptwidyaop/http-remote/internal/validation/validation.go:135.2,135.18 1 0
github.com/pandeptwidyaop/http-remote/internal/validation/validation.go:135.18,137.3 1 0
github.com/pandeptwidyaop/http-remote/internal/validation/validation.go:138.2,138.18 1 0
github.com/pandeptwidyaop/http-remote/internal/validation/validation.go:138.18,140.3 1 0
github.com/pandeptwidyaop/http-remote/internal/validation/validation.go:142.2,143.32 2 0
github.com/pandeptwidyaop/http-remote/internal/validation/validation.go:143.32,144.10 1 0
github.com/pandeptwidyaop/http-remote/internal/validation/validation.go:145.30,146.19 1 0
github.com/pandeptwidyaop/http-remote/internal/validation/validation.go:147.30,148.19 1 0
github.com/pandeptwidyaop/http-remote/internal/validation/validation.go:149.30,150.19 1 0
github.com/pandeptwidyaop/http-remote/internal/validation/validation.go:151.56,152.21 1 0
github.com/pandeptwidyaop/http-remote/internal/validation/validation.go:157.2,157.14 1 0
github.com/pandeptwidyaop/http-remote/internal/validation/validation.go:157.14,159.3 1 0
github.com/pandeptwidyaop/http-remote/internal/validation/validation.go:160.2,160.14 1 0
github.com/pandeptwidyaop/http-remote/internal/validation/validation.go:160.14,162.3 1 0
github.com/pandeptwidyaop/http-remote/internal/validation/validation.go:163.2,163.14 1 0
github.com/pandeptwidyaop/http-remote/internal/validation/validation.go:163.14,165.3 1 0
github.com/pandeptwidyaop/http-remote/internal/validation/validation.go:166.2,166.16 1 0
github.com/pandeptwidyaop/http-remote/internal/validation/validation.go:166.16,168.3 1 0
github.com/pandeptwidyaop/http-remote/internal/validation/validation.go:171.2,171.48 1 0
github.com/pandeptwidyaop/http-remote/internal/validation/validation.go:171.48,173.3 1 0
github.com/pandeptwidyaop/http-remote/internal/validation/validation.go:175.2,175.17 1 0
github.com/pandeptwidyaop/http-remote/internal/validation/validation.go:175.17,177.3 1 0
github.com/pandeptwidyaop/http-remote/internal/validation/validation.go:179.2,179.14 1 0
github.com/pandeptwidyaop/http-remote/internal/validation/validation.go:184.42,190.2 3 0
github.com/pandeptwidyaop/http-remote/internal/validation/validation.go:193.58,199.29 3 0
github.com/pandeptwidyaop/http-remote/internal/validation/validation.go:199.29,201.3 1 0
github.com/pandeptwidyaop/http-remote/internal/validation/validation.go:203.2,203.34 1 0
github.com/pandeptwidyaop/http-remote/internal/validation/validation.go:207.53,208.27 1 0
github.com/pandeptwidyaop/http-remote/internal/validation/validation.go:208.27,210.3 1 0
github.com/pandeptwidyaop/http-remote/internal/validation/validation.go:213.2,214.34 2 0
github.com/pandeptwidyaop/http-remote/internal/validation/validation.go:214.34,216.3 1 0
github.com/pandeptwidyaop/http-remote/internal/validation/validation.go:218.2,218.12 1 0
github.com/pandeptwidyaop/http-remote/internal/validation/validation.go:222.60,223.27 1 0
github.com/pandeptwidyaop/http-remote/internal/validation/validation.go:223.27,225.3 1 0
github.com/pandeptwidyaop/http-remote/internal/validation/validation.go:226.2,226.12 1 0
github.com/pandeptwidyaop/http-remote/internal/validation/validation.go:230.38,232.34 1 0
github.com/pandeptwidyaop/http-remote/internal/validation/validation.go:232.34,234.3 1 0
github.com/pandeptwidyaop/http-remote/internal/validation/validation.go:237.2,237.35 1 0
github.com/pandeptwidyaop/http-remote/internal/validation/validation.go:237.35,239.3 1 0
github.com/pandeptwidyaop/http-remote/internal/validation/validation.go:242.2,242.43 1 0
github.com/pandeptwidyaop/http-remote/internal/validation/validation.go:242.43,244.3 1 0
github.com/pandeptwidyaop/http-remote/internal/validation/validation.go:246.2,246.12 1 0
github.com/pandeptwidyaop/http-remote/internal/validation/validation.go:251.59,252.30 1 0
github.com/pandeptwidyaop/http-remote/internal/validation/validation.go:252.30,254.3 1 0
github.com/pandeptwidyaop/http-remote/internal/validation/validation.go:257.2,257.39 1 0
github.com/pandeptwidyaop/http-remote/internal/validation/validation.go:257.39,259.3 1 0
github.com/pandeptwidyaop/http-remote/internal/validation/validation.go:261.2,261.12 1 0
github.com/pandeptwidyaop/http-remote/internal/validation/validation.go:265.37,269.2 2 0
github.com/pandeptwidyaop/http-remote/internal/validation/validation.go:272.46,273.23 1 0
github.com/pandeptwidyaop/http-remote/internal/validation/validation.go:273.23,275.3 1 0
github.com/pandeptwidyaop/http-remote/internal/validation/validation.go:276.2,276.24 1 0
github.com/pandeptwidyaop/http-remote/internal/validation/validation.go:276.24,278.3 1 0
github.com/pandeptwidyaop/http-remote/internal/validation/validation.go:281.2,282.42 2 0
github.com/pandeptwidyaop/http-remote/internal/validation/validation.go:282.42,284.3 1 0
github.com/pandeptwidyaop/http-remote/internal/validation/validation.go:286.2,286.12 1 0
github.com/pandeptwidyaop/http-remote/internal/models/user.go:30.43,32.2 1 0
github.com/pandeptwidyaop/http-remote/internal/models/user.go:36.58,37.16 1 0
github.com/pandeptwidyaop/http-remote/internal/models/user.go:38.17,39.14 1 0
github.com/pandeptwidyaop/http-remote/internal/models/user.go:40.20,41.68 1 0
github.com/pandeptwidyaop/http-remote/internal/models/user.go:42.18,43.36 1 0
github.com/pandeptwidyaop/http-remote/internal/models/user.go:44.10,46.16 1 0
github.com/pandeptwidyaop/http-remote/internal/models/user.go:46.16,48.4 1 0
github.com/pandeptwidyaop/http-remote/internal/models/user.go:49.3,49.15 1 0
github.com/pandeptwidyaop/http-remote/internal/models/user.go:54.38,56.2 1 0
github.com/pandeptwidyaop/http-remote/internal/models/user.go:59.42,61.2 1 0
github.com/pandeptwidyaop/http-remote/internal/models/user.go:64.37,66.2 1 0
github.com/pandeptwidyaop/http-remote/internal/database/database.go:19.38,21.47 2 0
github.com/pandeptwidyaop/http-remote/internal/database/database.go:21.47,23.3 1 0
github.com/pandeptwidyaop/http-remote/internal/database/database.go:25.2,26.16 2 0
github.com/pandeptwidyaop/http-remote/internal/database/database.go:26.16,28.3 1 0
github.com/pandeptwidyaop/http-remote/internal/database/database.go:30.2,30.34 1 0
github.com/pandeptwidyaop/http-remote/internal/database/database.go:30.34,32.3 1 0
github.com/pandeptwidyaop/http-remote/internal/database/database.go:34.2,34.21 1 0
github.com/pandeptwidyaop/http-remote/internal/database/database.go:38.31,40.2 1 0
github.com/pandeptwidyaop/http-remote/internal/database/migrations.go:86.38,88.50 1 2
github.com/pandeptwidyaop/http-remote/internal/database/migrations.go:88.50,90.3 1 0
github.com/pandeptwidyaop/http-remote/internal/database/migrations.go:93.2,93.39 1 2
github.com/pandeptwidyaop/http-remote/internal/database/migrations.go:93.39,94.47 1 34
github.com/pandeptwidyaop/http-remote/internal/database/migrations.go:94.47,96.4 1 0
github.com/pandeptwidyaop/http-remote/internal/database/migrations.go:100.2,100.35 1 2
github.com/pandeptwidyaop/http-remote/internal/database/migrations.go:104.46,114.2 2 5
github.com/pandeptwidyaop/http-remote/internal/database/migrations.go:117.70,120.16 3 18
github.com/pandeptwidyaop/http-remote/internal/database/migrations.go:120.16,122.3 1 0
github.com/pandeptwidyaop/http-remote/internal/database/migrations.go:123.2,123.23 1 18
github.com/pandeptwidyaop/http-remote/internal/database/migrations.go:127.73,130.2 2 18
github.com/pandeptwidyaop/http-remote/internal/database/migrations.go:133.47,142.16 6 2
github.com/pandeptwidyaop/http-remote/internal/database/migrations.go:142.16,144.3 1 0
github.com/pandeptwidyaop/http-remote/internal/database/migrations.go:146.2,146.13 1 2
github.com/pandeptwidyaop/http-remote/internal/database/migrations.go:146.13,147.52 1 2
github.com/pandeptwidyaop/http-remote/internal/database/migrations.go:147.52,149.4 1 0
github.com/pandeptwidyaop/http-remote/internal/database/migrations.go:150.3,150.67 1 2
github.com/pandeptwidyaop/http-remote/internal/database/migrations.go:150.67,152.4 1 0
github.com/pandeptwidyaop/http-remote/internal/database/migrations.go:156.2,158.16 3 2
github.com/pandeptwidyaop/http-remote/internal/database/migrations.go:158.16,160.3 1 0
github.com/pandeptwidyaop/http-remote/internal/database/migrations.go:162.2,162.13 1 2
github.com/pandeptwidyaop/http-remote/internal/database/migrations.go:162.13,163.52 1 2
github.com/pandeptwidyaop/http-remote/internal/database/migrations.go:163.52,165.4 1 0
github.com/pandeptwidyaop/http-remote/internal/database/migrations.go:166.3,166.67 1 2
github.com/pandeptwidyaop/http-remote/internal/database/migrations.go:166.67,168.4 1 0
github.com/pandeptwidyaop/http-remote/internal/database/migrations.go:172.2,174.16 3 2
github.com/pandeptwidyaop/http-remote/internal/database/migrations.go:174.16,176.3 1 0
github.com/pandeptwidyaop/http-remote/internal/database/migrations.go:178.2,178.13 1 2
github.com/pandeptwidyaop/http-remote/internal/database/migrations.go:178.13,179.43 1 2
github.com/pandeptwidyaop/http-remote/internal/database/migrations.go:179.43,181.4 1 0
github.com/pandeptwidyaop/http-remote/internal/database/migrations.go:182.3,182.67 1 2
github.com/pandeptwidyaop/http-remote/internal/database/migrations.go:182.67,184.4 1 0
github.com/pandeptwidyaop/http-remote/internal/database/migrations.go:188.2,190.16 3 2
github.com/pandeptwidyaop/http-remote/internal/database/migrations.go:190.16,192.3 1 0
github.com/pandeptwidyaop/http-remote/internal/database/migrations.go:194.2,194.13 1 2
github.com/pandeptwidyaop/http-remote/internal/database/migrations.go:194.13,195.51 1 2
github.com/pandeptwidyaop/http-remote/internal/database/migrations.go:195.51,197.4 1 0
github.com/pandeptwidyaop/http-remote/internal/database/migrations.go:198.3,198.67 1 2
github.com/pandeptwidyaop/http-remote/internal/database/migrations.go:198.67,200.4 1 0
github.com/pandeptwidyaop/http-remote/internal/database/migrations.go:204.2,206.16 3 2
github.com/pandeptwidyaop/http-remote/internal/database/migrations.go:206.16,208.3 1 0
github.com/pandeptwidyaop/http-remote/internal/database/migrations.go:210.2,210.13 1 2
github.com/pandeptwidyaop/http-remote/internal/database/migrations.go:210.13,211.54 1 2
github.com/pandeptwidyaop/http-remote/internal/database/migrations.go:211.54,213.4 1 0
github.com/pandeptwidyaop/http-remote/internal/database/migrations.go:214.3,214.67 1 2
github.com/pandeptwidyaop/http-remote/internal/database/migrations.go:214.67,216.4 1 0
github.com/pandeptwidyaop/http-remote/internal/database/migrations.go:220.2,222.16 3 2
github.com/pandeptwidyaop/http-remote/internal/database/migrations.go:222.16,224.3 1 0
github.com/pandeptwidyaop/http-remote/internal/database/migrations.go:226.2,226.13 1 2
github.com/pandeptwidyaop/http-remote/internal/database/migrations.go:226.13,227.53 1 2
github.com/pandeptwidyaop/http-remote/internal/database/migrations.go:227.53,229.4 1 0
github.com/pandeptwidyaop/http-remote/internal/database/migrations.go:230.3,230.67 1 2
github.com/pandeptwidyaop/http-remote/internal/database/migrations.go:230.67,232.4 1 0
github.com/pandeptwidyaop/http-remote/internal/database/migrations.go:236.2,238.16 3 2
github.com/pandeptwidyaop/http-remote/internal/database/migrations.go:238.16,240.3 1 0
github.com/pandeptwidyaop/http-remote/internal/database/migrations.go:242.2,242.13 1 2
github.com/pandeptwidyaop/http-remote/internal/database/migrations.go:242.13,243.44 1 2
github.com/pandeptwidyaop/http-remote/internal/database/migrations.go:243.44,245.4 1 0
github.com/pandeptwidyaop/http-remote/internal/database/migrations.go:246.3,246.67 1 2
github.com/pandeptwidyaop/http-remote/internal/database/migrations.go:246.67,248.4 1 0
github.com/pandeptwidyaop/http-remote/internal/database/migrations.go:252.2,254.16 3 2
github.com/pandeptwidyaop/http-remote/internal/database/migrations.go:254.16,256.3 1 0
github.com/pandeptwidyaop/http-remote/internal/database/migrations.go:258.2,258.13 1 2
github.com/pandeptwidyaop/http-remote/internal/database/migrations.go:258.13,259.52 1 2
github.com/pandeptwidyaop/http-remote/internal/database/migrations.go:259.52,261.4 1 0
github.com/pandeptwidyaop/http-remote/internal/database/migrations.go:262.3,262.67 1 2
github.com/pandeptwidyaop/http-remote/internal/database/migrations.go:262.67,264.4 1 0
github.com/pandeptwidyaop/http-remote/internal/database/migrations.go:267.2,267.12 1 2
github.com/pandeptwidyaop/http-remote/internal/database/migrations.go:272.47,281.30 3 3
github.com/pandeptwidyaop/http-remote/internal/database/migrations.go:281.30,284.3 1 1
github.com/pandeptwidyaop/http-remote/internal/database/migrations.go:287.2,288.16 2 2
github.com/pandeptwidyaop/http-remote/internal/database/migrations.go:288.16,290.3 1 0
github.com/pandeptwidyaop/http-remote/internal/database/migrations.go:291.2,291.15 1 2
github.com/pandeptwidyaop/http-remote/internal/database/migrations.go:291.15,291.36 1 2
github.com/pandeptwidyaop/http-remote/internal/database/migrations.go:294.2,308.16 2 2
github.com/pandeptwidyaop/http-remote/internal/database/migrations.go:308.16,310.3 1 0
github.com/pandeptwidyaop/http-remote/internal/database/migrations.go:313.2,318.16 2 2
github.com/pandeptwidyaop/http-remote/internal/database/migrations.go:318.16,320.3 1 0
github.com/pandeptwidyaop/http-remote/internal/database/migrations.go:323.2,324.16 2 2
github.com/pandeptwidyaop/http-remote/internal/database/migrations.go:324.16,326.3 1 0
github.com/pandeptwidyaop/http-remote/internal/database/migrations.go:329.2,330.16 2 2
github.com/pandeptwidyaop/http-remote/internal/database/migrations.go:330.16,332.3 1 0
github.com/pandeptwidyaop/http-remote/internal/database/migrations.go:335.2,336.16 2 2
github.com/pandeptwidyaop/http-remote/internal/database/migrations.go:336.16,338.3 1 0
github.com/pandeptwidyaop/http-remote/internal/database/migrations.go:340.2,341.16 2 2
github.com/pandeptwidyaop/http-remote/internal/database/migrations.go:341.16,343.3 1 0
github.com/pandeptwidyaop/http-remote/internal/database/migrations.go:345.2,346.16 2 2
github.com/pandeptwidyaop/http-remote/internal/database/migrations.go:346.16,348.3 1 0
github.com/pandeptwidyaop/http-remote/internal/database/migrations.go:350.2,350.20 1 2
github.com/pandeptwidyaop/http-remote/internal/database/migrations.go:354.47,362.16 3 4
github.com/pandeptwidyaop/http-remote/internal/database/migrations.go:362.16,364.3 1 0
github.com/pandeptwidyaop/http-remote/internal/database/migrations.go:367.2,367.15 1 4
github.com/pandeptwidyaop/http-remote/internal/database/migrations.go:367.15,369.3 1 2
github.com/pandeptwidyaop/http-remote/internal/database/migrations.go:372.2,373.16 2 2
github.com/pandeptwidyaop/http-remote/internal/database/migrations.go:373.16,375.3 1 0
github.com/pandeptwidyaop/http-remote/internal/database/migrations.go:376.2,376.15 1 2
github.com/pandeptwidyaop/http-remote/internal/database/migrations.go:376.15,376.36 1 2
github.com/pandeptwidyaop/http-remote/internal/database/migrations.go:379.2,380.16 2 2
github.com/pandeptwidyaop/http-remote/internal/database/migrations.go:380.16,382.3 1 0
github.com/pandeptwidyaop/http-remote/internal/database/migrations.go:385.2,386.16 2 2
github.com/pandeptwidyaop/http-remote/internal/database/migrations.go:386.16,388.3 1 0
github.com/pandeptwidyaop/http-remote/internal/database/migrations.go:391.2,399.16 2 2
github.com/pandeptwidyaop/http-remote/internal/database/migrations.go:399.16,401.3 1 0
github.com/pandeptwidyaop/http-remote/internal/database/migrations.go:404.2,411.16 2 2
github.com/pandeptwidyaop/http-remote/internal/database/migrations.go:411.16,413.3 1 0
github.com/pandeptwidyaop/http-remote/internal/database/migrations.go:415.2,415.20 1 2
github.com/pandeptwidyaop/http-remote/internal/database/migrations.go:419.49,427.16 3 2
github.com/pandeptwidyaop/http-remote/internal/database/migrations.go:427.16,429.3 1 0
github.com/pandeptwidyaop/http-remote/internal/database/migrations.go:432.2,432.16 1 2
github.com/pandeptwidyaop/http-remote/internal/database/migrations.go:432.16,434.3 1 0
github.com/pandeptwidyaop/http-remote/internal/database/migrations.go:437.2,438.16 2 2
github.com/pandeptwidyaop/http-remote/internal/database/migrations.go:438.16,440.3 1 0
github.com/pandeptwidyaop/http-remote/internal/database/migrations.go:443.2,444.12 2 2
github.com/pandeptwidyaop/http-remote/internal/database/migrations.go:448.46,458.16 2 2
github.com/pandeptwidyaop/http-remote/internal/database/migrations.go:458.16,460.3 1 0
github.com/pandeptwidyaop/http-remote/internal/database/migrations.go:463.2,464.16 2 2
github.com/pandeptwidyaop/http-remote/internal/database/migrations.go:464.16,466.3 1 0
github.com/pandeptwidyaop/http-remote/internal/database/migrations.go:468.2,469.16 2 2
github.com/pandeptwidyaop/http-remote/internal/database/migrations.go:469.16,471.3 1 0
github.com/pandeptwidyaop/http-remote/internal/database/migrations.go:473.2,474.12 2 2
github.com/pandeptwidyaop/http-remote/internal/database/migrations.go:478.48,488.16 2 2
github.com/pandeptwidyaop/http-remote/internal/database/migrations.go:488.16,490.3 1 0
github.com/pandeptwidyaop/http-remote/internal/database/migrations.go:493.2,494.12 2 2
github.com/pandeptwidyaop/http-remote/internal/database/migrations.go:498.39,506.16 3 2
github.com/pandeptwidyaop/http-remote/internal/database/migrations.go:506.16,508.3 1 0
github.com/pandeptwidyaop/http-remote/internal/database/migrations.go:511.2,511.15 1 2
github.com/pandeptwidyaop/http-remote/internal/database/migrations.go:511.15,513.3 1 0
github.com/pandeptwidyaop/http-remote/internal/database/migrations.go:516.2,517.16 2 2
github.com/pandeptwidyaop/http-remote/internal/database/migrations.go:517.16,519.3 1 0
github.com/pandeptwidyaop/http-remote/internal/database/migrations.go:520.2,520.15 1 2
github.com/pandeptwidyaop/http-remote/internal/database/migrations.go:520.15,520.36 1 2
github.com/pandeptwidyaop/http-remote/internal/database/migrations.go:523.2,524.16 2 2
github.com/pandeptwidyaop/http-remote/internal/database/migrations.go:524.16,526.3 1 0
github.com/pandeptwidyaop/http-remote/internal/database/migrations.go:529.2,530.16 2 2
github.com/pandeptwidyaop/http-remote/internal/database/migrations.go:530.16,532.3 1 0
github.com/pandeptwidyaop/http-remote/internal/database/migrations.go:535.2,536.16 2 2
github.com/pandeptwidyaop/http-remote/internal/database/migrations.go:536.16,538.3 1 0
github.com/pandeptwidyaop/http-remote/internal/database/migrations.go:540.2,540.20 1 2
github.com/pandeptwidyaop/http-remote/internal/database/migrations.go:544.47,552.16 3 2
github.com/pandeptwidyaop/http-remote/internal/database/migrations.go:552.16,554.3 1 0
github.com/pandeptwidyaop/http-remote/internal/database/migrations.go:557.2,557.15 1 2
github.com/pandeptwidyaop/http-remote/internal/database/migrations.go:557.15,559.3 1 0
github.com/pandeptwidyaop/http-remote/internal/database/migrations.go:562.2,563.16 2 2
github.com/pandeptwidyaop/http-remote/internal/database/migrations.go:563.16,565.3 1 0
github.com/pandeptwidyaop/http-remote/internal/database/migrations.go:566.2,566.15 1 2
github.com/pandeptwidyaop/http-remote/internal/database/migrations.go:566.15,566.36 1 2
github.com/pandeptwidyaop/http-remote/internal/database/migrations.go:569.2,570.16 2 2
github.com/pandeptwidyaop/http-remote/internal/database/migrations.go:570.16,572.3 1 0
github.com/pandeptwidyaop/http-remote/internal/database/migrations.go:576.2,583.16 2 2
github.com/pandeptwidyaop/http-remote/internal/database/migrations.go:583.16,585.3 1 0
github.com/pandeptwidyaop/http-remote/internal/database/migrations.go:588.2,589.16 2 2
github.com/pandeptwidyaop/http-remote/internal/database/migrations.go:589.16,591.3 1 0
github.com/pandeptwidyaop/http-remote/internal/database/migrations.go:593.2,593.20 1 2
github.com/pandeptwidyaop/http-remote/internal/database/migrations.go:597.38,605.16 3 2
github.com/pandeptwidyaop/http-remote/internal/database/migrations.go:605.16,607.3 1 0
github.com/pandeptwidyaop/http-remote/internal/database/migrations.go:610.2,610.16 1 2
github.com/pandeptwidyaop/http-remote/internal/database/migrations.go:610.16,612.3 1 0
github.com/pandeptwidyaop/http-remote/internal/database/migrations.go:615.2,616.16 2 2
github.com/pandeptwidyaop/http-remote/internal/database/migrations.go:616.16,618.3 1 0
github.com/pandeptwidyaop/http-remote/internal/database/migrations.go:619.2,619.15 1 2
github.com/pandeptwidyaop/http-remote/internal/database/migrations.go:619.15,619.36 1 2
github.com/pandeptwidyaop/http-remote/internal/database/migrations.go:622.2,623.16 2 2
github.com/pandeptwidyaop/http-remote/internal/database/migrations.go:623.16,625.3 1 0
github.com/pandeptwidyaop/http-remote/internal/database/migrations.go:628.2,629.16 2 2
github.com/pandeptwidyaop/http-remote/internal/database/migrations.go:629.16,631.3 1 0
github.com/pandeptwidyaop/http-remote/internal/database/migrations.go:634.2,635.16 2 2
github.com/pandeptwidyaop/http-remote/internal/database/migrations.go:635.16,637.3 1 0
github.com/pandeptwidyaop/http-remote/internal/database/migrations.go:639.2,639.20 1 2
github.com/pandeptwidyaop/http-remote/internal/config/config.go:38.43,39.22 1 3
github.com/pandeptwidyaop/http-remote/internal/config/config.go:39.22,41.3 1 1
github.com/pandeptwidyaop/http-remote/internal/config/config.go:42.2,42.19 1 2
github.com/pandeptwidyaop/http-remote/internal/config/config.go:62.61,63.29 1 3
github.com/pandeptwidyaop/http-remote/internal/config/config.go:63.29,65.3 1 1
github.com/pandeptwidyaop/http-remote/internal/config/config.go:66.2,67.16 2 2
github.com/pandeptwidyaop/http-remote/internal/config/config.go:67.16,69.3 1 1
github.com/pandeptwidyaop/http-remote/internal/config/config.go:70.2,70.10 1 1
github.com/pandeptwidyaop/http-remote/internal/config/config.go:74.52,75.29 1 2
github.com/pandeptwidyaop/http-remote/internal/config/config.go:75.29,77.3 1 1
github.com/pandeptwidyaop/http-remote/internal/config/config.go:78.2,78.27 1 1
github.com/pandeptwidyaop/http-remote/internal/config/config.go:106.57,108.16 2 3
github.com/pandeptwidyaop/http-remote/internal/config/config.go:108.16,110.3 1 2
github.com/pandeptwidyaop/http-remote/internal/config/config.go:111.2,111.10 1 1
github.com/pandeptwidyaop/http-remote/internal/config/config.go:115.41,117.16 2 7
github.com/pandeptwidyaop/http-remote/internal/config/config.go:117.16,119.3 1 1
github.com/pandeptwidyaop/http-remote/internal/config/config.go:121.2,122.51 2 6
github.com/pandeptwidyaop/http-remote/internal/config/config.go:122.51,124.3 1 1
github.com/pandeptwidyaop/http-remote/internal/config/config.go:126.2,128.18 2 5
github.com/pandeptwidyaop/http-remote/internal/config/config.go:131.31,132.27 1 5
github.com/pandeptwidyaop/http-remote/internal/config/config.go:132.27,134.3 1 4
github.com/pandeptwidyaop/http-remote/internal/config/config.go:135.2,135.26 1 5
github.com/pandeptwidyaop/http-remote/internal/config/config.go:135.26,137.3 1 4
github.com/pandeptwidyaop/http-remote/internal/config/config.go:138.2,138.33 1 5
github.com/pandeptwidyaop/http-remote/internal/config/config.go:138.33,140.3 1 4
github.com/pandeptwidyaop/http-remote/internal/config/config.go:141.2,141.29 1 5
github.com/pandeptwidyaop/http-remote/internal/config/config.go:141.29,143.3 1 4
github.com/pandeptwidyaop/http-remote/internal/config/config.go:144.2,144.36 1 5
github.com/pandeptwidyaop/http-remote/internal/config/config.go:144.36,146.3 1 4
github.com/pandeptwidyaop/http-remote/internal/config/config.go:147.2,147.30 1 5
github.com/pandeptwidyaop/http-remote/internal/config/config.go:147.30,149.3 1 4
github.com/pandeptwidyaop/http-remote/internal/config/config.go:150.2,150.39 1 5
github.com/pandeptwidyaop/http-remote/internal/config/config.go:150.39,152.3 1 4
github.com/pandeptwidyaop/http-remote/internal/config/config.go:153.2,153.35 1 5
github.com/pandeptwidyaop/http-remote/internal/config/config.go:153.35,155.3 1 4
github.com/pandeptwidyaop/http-remote/internal/config/config.go:156.2,156.38 1 5
github.com/pandeptwidyaop/http-remote/internal/config/config.go:156.38,158.3 1 4
github.com/pandeptwidyaop/http-remote/internal/config/config.go:159.2,159.30 1 5
github.com/pandeptwidyaop/http-remote/internal/config/config.go:159.30,161.3 1 4
github.com/pandeptwidyaop/http-remote/internal/config/config.go:162.2,162.30 1 5
github.com/pandeptwidyaop/http-remote/internal/config/config.go:162.30,164.3 1 4
github.com/pandeptwidyaop/http-remote/internal/config/config.go:166.2,166.30 1 5
github.com/pandeptwidyaop/http-remote/internal/config/config.go:166.30,168.3 1 4
github.com/pandeptwidyaop/http-remote/internal/config/config.go:169.2,169.33 1 5
github.com/pandeptwidyaop/http-remote/internal/config/config.go:169.33,171.3 1 4
github.com/pandeptwidyaop/http-remote/internal/handlers/apps.go:23.121,29.2 1 0
github.com/pandeptwidyaop/http-remote/internal/handlers/apps.go:32.43,34.16 2 0
github.com/pandeptwidyaop/http-remote/internal/handlers/apps.go:34.16,37.3 2 0
github.com/pandeptwidyaop/http-remote/internal/handlers/apps.go:39.2,39.29 1 0
github.com/pandeptwidyaop/http-remote/internal/handlers/apps.go:43.42,47.16 3 0
github.com/pandeptwidyaop/http-remote/internal/handlers/apps.go:47.16,48.37 1 0
github.com/pandeptwidyaop/http-remote/internal/handlers/apps.go:48.37,51.4 2 0
github.com/pandeptwidyaop/http-remote/internal/handlers/apps.go:52.3,53.9 2 0
github.com/pandeptwidyaop/http-remote/internal/handlers/apps.go:56.2,56.28 1 0
github.com/pandeptwidyaop/http-remote/internal/handlers/apps.go:60.45,62.47 2 0
github.com/pandeptwidyaop/http-remote/internal/handlers/apps.go:62.47,65.3 2 0
github.com/pandeptwidyaop/http-remote/internal/handlers/apps.go:68.2,68.63 1 0
github.com/pandeptwidyaop/http-remote/internal/handlers/apps.go:68.63,71.3 2 0
github.com/pandeptwidyaop/http-remote/internal/handlers/apps.go:72.2,72.27 1 0
github.com/pandeptwidyaop/http-remote/internal/handlers/apps.go:72.27,73.78 1 0
github.com/pandeptwidyaop/http-remote/internal/handlers/apps.go:73.78,76.4 2 0
github.com/pandeptwidyaop/http-remote/internal/handlers/apps.go:79.2,83.16 4 0
github.com/pandeptwidyaop/http-remote/internal/handlers/apps.go:83.16,84.35 1 0
github.com/pandeptwidyaop/http-remote/internal/handlers/apps.go:84.35,87.4 2 0
github.com/pandeptwidyaop/http-remote/internal/handlers/apps.go:88.3,89.9 2 0
github.com/pandeptwidyaop/http-remote/internal/handlers/apps.go:93.2,94.38 2 0
github.com/pandeptwidyaop/http-remote/internal/handlers/apps.go:94.38,105.3 1 0
github.com/pandeptwidyaop/http-remote/internal/handlers/apps.go:107.2,107.33 1 0
github.com/pandeptwidyaop/http-remote/internal/handlers/apps.go:111.45,115.47 3 0
github.com/pandeptwidyaop/http-remote/internal/handlers/apps.go:115.47,118.3 2 0
github.com/pandeptwidyaop/http-remote/internal/handlers/apps.go:121.2,121.20 1 0
github.com/pandeptwidyaop/http-remote/internal/handlers/apps.go:121.20,122.64 1 0
github.com/pandeptwidyaop/http-remote/internal/handlers/apps.go:122.64,125.4 2 0
github.com/pandeptwidyaop/http-remote/internal/handlers/apps.go:126.3,126.49 1 0
github.com/pandeptwidyaop/http-remote/internal/handlers/apps.go:128.2,128.27 1 0
github.com/pandeptwidyaop/http-remote/internal/handlers/apps.go:128.27,129.78 1 0
github.com/pandeptwidyaop/http-remote/internal/handlers/apps.go:129.78,132.4 2 0
github.com/pandeptwidyaop/http-remote/internal/handlers/apps.go:133.3,133.63 1 0
github.com/pandeptwidyaop/http-remote/internal/handlers/apps.go:136.2,137.16 2 0
github.com/pandeptwidyaop/http-remote/internal/handlers/apps.go:137.16,138.37 1 0
github.com/pandeptwidyaop/http-remote/internal/handlers/apps.go:138.37,141.4 2 0
github.com/pandeptwidyaop/http-remote/internal/handlers/apps.go:142.3,143.9 2 0
github.com/pandeptwidyaop/http-remote/internal/handlers/apps.go:147.2,148.38 2 0
github.com/pandeptwidyaop/http-remote/internal/handlers/apps.go:148.38,159.3 1 0
github.com/pandeptwidyaop/http-remote/internal/handlers/apps.go:161.2,161.28 1 0
github.com/pandeptwidyaop/http-remote/internal/handlers/apps.go:165.45,171.51 3 0
github.com/pandeptwidyaop/http-remote/internal/handlers/apps.go:171.51,172.37 1 0
github.com/pandeptwidyaop/http-remote/internal/handlers/apps.go:172.37,175.4 2 0
github.com/pandeptwidyaop/http-remote/internal/handlers/apps.go:176.3,177.9 2 0
github.com/pandeptwidyaop/http-remote/internal/handlers/apps.go:181.2,182.38 2 0
github.com/pandeptwidyaop/http-remote/internal/handlers/apps.go:182.38,184.17 2 0
github.com/pandeptwidyaop/http-remote/internal/handlers/apps.go:184.17,186.4 1 0
github.com/pandeptwidyaop/http-remote/internal/handlers/apps.go:187.3,196.5 1 0
github.com/pandeptwidyaop/http-remote/internal/handlers/apps.go:199.2,199.56 1 0
github.com/pandeptwidyaop/http-remote/internal/handlers/apps.go:203.54,207.16 3 0
github.com/pandeptwidyaop/http-remote/internal/handlers/apps.go:207.16,208.37 1 0
github.com/pandeptwidyaop/http-remote/internal/handlers/apps.go:208.37,211.4 2 0
github.com/pandeptwidyaop/http-remote/internal/handlers/apps.go:212.3,213.9 2 0
github.com/pandeptwidyaop/http-remote/internal/handlers/apps.go:217.2,218.38 2 0
github.com/pandeptwidyaop/http-remote/internal/handlers/apps.go:218.38,229.3 1 0
github.com/pandeptwidyaop/http-remote/internal/handlers/apps.go:231.2,231.28 1 0
github.com/pandeptwidyaop/http-remote/internal/handlers/apps.go:235.51,239.16 3 0
github.com/pandeptwidyaop/http-remote/internal/handlers/apps.go:239.16,242.3 2 0
github.com/pandeptwidyaop/http-remote/internal/handlers/apps.go:244.2,244.33 1 0
github.com/pandeptwidyaop/http-remote/internal/handlers/apps.go:248.52,252.47 3 0
github.com/pandeptwidyaop/http-remote/internal/handlers/apps.go:252.47,255.3 2 0
github.com/pandeptwidyaop/http-remote/internal/handlers/apps.go:258.2,258.63 1 0
github.com/pandeptwidyaop/http-remote/internal/handlers/apps.go:258.63,261.3 2 0
github.com/pandeptwidyaop/http-remote/internal/handlers/apps.go:262.2,262.70 1 0
github.com/pandeptwidyaop/http-remote/internal/handlers/apps.go:262.70,265.3 2 0
github.com/pandeptwidyaop/http-remote/internal/handlers/apps.go:266.2,270.16 4 0
github.com/pandeptwidyaop/http-remote/internal/handlers/apps.go:270.16,271.37 1 0
github.com/pandeptwidyaop/http-remote/internal/handlers/apps.go:271.37,274.4 2 0
github.com/pandeptwidyaop/http-remote/internal/handlers/apps.go:275.3,276.9 2 0
github.com/pandeptwidyaop/http-remote/internal/handlers/apps.go:280.2,281.38 2 0
github.com/pandeptwidyaop/http-remote/internal/handlers/apps.go:281.38,292.3 1 0
github.com/pandeptwidyaop/http-remote/internal/handlers/apps.go:294.2,294.33 1 0
github.com/pandeptwidyaop/http-remote/internal/handlers/apps.go:298.54,302.47 3 0
github.com/pandeptwidyaop/http-remote/internal/handlers/apps.go:302.47,305.3 2 0
github.com/pandeptwidyaop/http-remote/internal/handlers/apps.go:307.2,307.30 1 0
github.com/pandeptwidyaop/http-remote/internal/handlers/apps.go:307.30,310.3 2 0
github.com/pandeptwidyaop/http-remote/internal/handlers/apps.go:312.2,312.76 1 0
github.com/pandeptwidyaop/http-remote/internal/handlers/apps.go:312.76,313.37 1 0
github.com/pandeptwidyaop/http-remote/internal/handlers/apps.go:313.37,316.4 2 0
github.com/pandeptwidyaop/http-remote/internal/handlers/apps.go:317.3,317.41 1 0
github.com/pandeptwidyaop/http-remote/internal/handlers/apps.go:317.41,320.4 2 0
github.com/pandeptwidyaop/http-remote/internal/handlers/apps.go:321.3,322.9 2 0
github.com/pandeptwidyaop/http-remote/internal/handlers/apps.go:326.2,327.38 2 0
github.com/pandeptwidyaop/http-remote/internal/handlers/apps.go:327.38,338.3 1 0
github.com/pandeptwidyaop/http-remote/internal/handlers/apps.go:341.2,342.16 2 0
github.com/pandeptwidyaop/http-remote/internal/handlers/apps.go:342.16,345.3 2 0
github.com/pandeptwidyaop/http-remote/internal/handlers/apps.go:347.2,347.33 1 0
github.com/pandeptwidyaop/http-remote/internal/handlers/audit.go:19.92,24.2 1 0
github.com/pandeptwidyaop/http-remote/internal/handlers/audit.go:27.45,29.71 2 0
github.com/pandeptwidyaop/http-remote/internal/handlers/audit.go:29.71,31.3 1 0
github.com/pandeptwidyaop/http-remote/internal/handlers/audit.go:32.2,33.71 2 0
github.com/pandeptwidyaop/http-remote/internal/handlers/audit.go:33.71,35.3 1 0
github.com/pandeptwidyaop/http-remote/internal/handlers/audit.go:37.2,38.16 2 0
github.com/pandeptwidyaop/http-remote/internal/handlers/audit.go:38.16,41.3 2 0
github.com/pandeptwidyaop/http-remote/internal/handlers/audit.go:43.2,43.29 1 0
github.com/pandeptwidyaop/http-remote/internal/handlers/audit.go:47.45,51.2 1 0
github.com/pandeptwidyaop/http-remote/internal/handlers/auth.go:18.45,19.21 1 0
github.com/pandeptwidyaop/http-remote/internal/handlers/auth.go:19.21,21.3 1 0
github.com/pandeptwidyaop/http-remote/internal/handlers/auth.go:22.2,23.18 2 0
github.com/pandeptwidyaop/http-remote/internal/handlers/auth.go:23.18,25.3 1 0
github.com/pandeptwidyaop/http-remote/internal/handlers/auth.go:26.2,26.43 1 0
github.com/pandeptwidyaop/http-remote/internal/handlers/auth.go:38.144,45.2 1 0
github.com/pandeptwidyaop/http-remote/internal/handlers/auth.go:56.49,60.2 1 0
github.com/pandeptwidyaop/http-remote/internal/handlers/auth.go:63.45,66.55 2 0
github.com/pandeptwidyaop/http-remote/internal/handlers/auth.go:66.55,67.48 1 0
github.com/pandeptwidyaop/http-remote/internal/handlers/auth.go:67.48,70.4 2 0
github.com/pandeptwidyaop/http-remote/internal/handlers/auth.go:71.8,72.44 1 0
github.com/pandeptwidyaop/http-remote/internal/handlers/auth.go:72.44,78.4 2 0
github.com/pandeptwidyaop/http-remote/internal/handlers/auth.go:82.2,82.78 1 0
github.com/pandeptwidyaop/http-remote/internal/handlers/auth.go:82.78,91.56 2 0
github.com/pandeptwidyaop/http-remote/internal/handlers/auth.go:91.56,97.4 2 0
github.com/pandeptwidyaop/http-remote/internal/handlers/auth.go:98.3,102.9 2 0
github.com/pandeptwidyaop/http-remote/internal/handlers/auth.go:107.2,108.12 2 0
github.com/pandeptwidyaop/http-remote/internal/handlers/auth.go:108.12,125.28 6 0
github.com/pandeptwidyaop/http-remote/internal/handlers/auth.go:125.28,127.4 1 0
github.com/pandeptwidyaop/http-remote/internal/handlers/auth.go:129.3,129.56 1 0
github.com/pandeptwidyaop/http-remote/internal/handlers/auth.go:129.56,131.55 2 0
github.com/pandeptwidyaop/http-remote/internal/handlers/auth.go:131.55,133.5 1 0
github.com/pandeptwidyaop/http-remote/internal/handlers/auth.go:134.4,135.10 2 0
github.com/pandeptwidyaop/http-remote/internal/handlers/auth.go:138.3,139.54 2 0
github.com/pandeptwidyaop/http-remote/internal/handlers/auth.go:139.54,141.4 1 0
github.com/pandeptwidyaop/http-remote/internal/handlers/auth.go:142.3,146.9 2 0
github.com/pandeptwidyaop/http-remote/internal/handlers/auth.go:150.2,150.22 1 0
github.com/pandeptwidyaop/http-remote/internal/handlers/auth.go:150.22,152.49 1 0
github.com/pandeptwidyaop/http-remote/internal/handlers/auth.go:152.49,154.57 1 0
github.com/pandeptwidyaop/http-remote/internal/handlers/auth.go:154.57,160.5 2 0
github.com/pandeptwidyaop/http-remote/internal/handlers/auth.go:161.4,166.10 2 0
github.com/pandeptwidyaop/http-remote/internal/handlers/auth.go:169.3,172.27 2 0
github.com/pandeptwidyaop/http-remote/internal/handlers/auth.go:172.27,175.18 3 0
github.com/pandeptwidyaop/http-remote/internal/handlers/auth.go:175.18,176.58 1 0
github.com/pandeptwidyaop/http-remote/internal/handlers/auth.go:176.58,179.6 2 0
github.com/pandeptwidyaop/http-remote/internal/handlers/auth.go:180.5,186.11 2 0
github.com/pandeptwidyaop/http-remote/internal/handlers/auth.go:188.4,188.13 1 0
github.com/pandeptwidyaop/http-remote/internal/handlers/auth.go:188.13,198.5 1 0
github.com/pandeptwidyaop/http-remote/internal/handlers/auth.go:199.9,199.32 1 0
github.com/pandeptwidyaop/http-remote/internal/handlers/auth.go:199.32,202.4 1 0
github.com/pandeptwidyaop/http-remote/internal/handlers/auth.go:204.3,204.13 1 0
github.com/pandeptwidyaop/http-remote/internal/handlers/auth.go:204.13,215.57 2 0
github.com/pandeptwidyaop/http-remote/internal/handlers/auth.go:215.57,218.5 2 0
github.com/pandeptwidyaop/http-remote/internal/handlers/auth.go:219.4,225.10 2 0
github.com/pandeptwidyaop/http-remote/internal/handlers/auth.go:231.2,236.16 5 0
github.com/pandeptwidyaop/http-remote/internal/handlers/auth.go:236.16,237.56 1 0
github.com/pandeptwidyaop/http-remote/internal/handlers/auth.go:237.56,240.4 2 0
github.com/pandeptwidyaop/http-remote/internal/handlers/auth.go:241.3,245.9 2 0
github.com/pandeptwidyaop/http-remote/internal/handlers/auth.go:249.2,261.55 3 0
github.com/pandeptwidyaop/http-remote/internal/handlers/auth.go:261.55,267.3 2 0
github.com/pandeptwidyaop/http-remote/internal/handlers/auth.go:269.2,269.48 1 0
github.com/pandeptwidyaop/http-remote/internal/handlers/auth.go:273.46,276.12 2 0
github.com/pandeptwidyaop/http-remote/internal/handlers/auth.go:276.12,277.45 1 0
github.com/pandeptwidyaop/http-remote/internal/handlers/auth.go:277.45,279.4 1 0
github.com/pandeptwidyaop/http-remote/internal/handlers/auth.go:282.2,283.35 2 0
github.com/pandeptwidyaop/http-remote/internal/handlers/auth.go:283.35,285.3 1 0
github.com/pandeptwidyaop/http-remote/internal/handlers/auth.go:287.2,289.102 2 0
github.com/pandeptwidyaop/http-remote/internal/handlers/auth.go:289.102,292.3 2 0
github.com/pandeptwidyaop/http-remote/internal/handlers/auth.go:294.2,294.53 1 0
github.com/pandeptwidyaop/http-remote/internal/handlers/auth.go:298.42,300.13 2 0
github.com/pandeptwidyaop/http-remote/internal/handlers/auth.go:300.13,303.3 2 0
github.com/pandeptwidyaop/http-remote/internal/handlers/auth.go:305.2,306.9 2 0
github.com/pandeptwidyaop/http-remote/internal/handlers/auth.go:306.9,309.3 2 0
github.com/pandeptwidyaop/http-remote/internal/handlers/auth.go:311.2,315.4 1 0
github.com/pandeptwidyaop/http-remote/internal/handlers/auth.go:325.54,327.13 2 0
github.com/pandeptwidyaop/http-remote/internal/handlers/auth.go:327.13,330.3 2 0
github.com/pandeptwidyaop/http-remote/internal/handlers/auth.go:332.2,333.9 2 0
github.com/pandeptwidyaop/http-remote/internal/handlers/auth.go:333.9,336.3 2 0
github.com/pandeptwidyaop/http-remote/internal/handlers/auth.go:338.2,339.47 2 0
github.com/pandeptwidyaop/http-remote/internal/handlers/auth.go:339.47,342.3 2 0
github.com/pandeptwidyaop/http-remote/internal/handlers/auth.go:345.2,345.80 1 0
github.com/pandeptwidyaop/http-remote/internal/handlers/auth.go:345.80,348.3 2 0
github.com/pandeptwidyaop/http-remote/internal/handlers/auth.go:351.2,351.96 1 0
github.com/pandeptwidyaop/http-remote/internal/handlers/auth.go:351.96,352.44 1 0
github.com/pandeptwidyaop/http-remote/internal/handlers/auth.go:352.44,355.4 2 0
github.com/pandeptwidyaop/http-remote/internal/handlers/auth.go:356.3,356.40 1 0
github.com/pandeptwidyaop/http-remote/internal/handlers/auth.go:356.40,359.4 2 0
github.com/pandeptwidyaop/http-remote/internal/handlers/auth.go:360.3,361.9 2 0
github.com/pandeptwidyaop/http-remote/internal/handlers/auth.go:365.2,376.4 2 0
github.com/pandeptwidyaop/http-remote/internal/handlers/backup.go:21.108,26.2 1 0
github.com/pandeptwidyaop/http-remote/internal/handlers/backup.go:29.48,31.16 2 0
github.com/pandeptwidyaop/http-remote/internal/handlers/backup.go:31.16,34.3 2 0
github.com/pandeptwidyaop/http-remote/internal/handlers/backup.go:36.2,37.27 2 0
github.com/pandeptwidyaop/http-remote/internal/handlers/backup.go:37.27,39.17 2 0
github.com/pandeptwidyaop/http-remote/internal/handlers/backup.go:39.17,40.12 1 0
github.com/pandeptwidyaop/http-remote/internal/handlers/backup.go:43.3,44.32 2 0
github.com/pandeptwidyaop/http-remote/internal/handlers/backup.go:44.32,51.4 1 0
github.com/pandeptwidyaop/http-remote/internal/handlers/backup.go:53.3,58.5 1 0
github.com/pandeptwidyaop/http-remote/internal/handlers/backup.go:61.2,69.38 3 0
github.com/pandeptwidyaop/http-remote/internal/handlers/backup.go:69.38,79.3 1 0
github.com/pandeptwidyaop/http-remote/internal/handlers/backup.go:81.2,82.31 2 0
github.com/pandeptwidyaop/http-remote/internal/handlers/backup.go:86.48,88.50 2 0
github.com/pandeptwidyaop/http-remote/internal/handlers/backup.go:88.50,91.3 2 0
github.com/pandeptwidyaop/http-remote/internal/handlers/backup.go:93.2,93.27 1 0
github.com/pandeptwidyaop/http-remote/internal/handlers/backup.go:93.27,96.3 2 0
github.com/pandeptwidyaop/http-remote/internal/handlers/backup.go:98.2,102.40 4 0
github.com/pandeptwidyaop/http-remote/internal/handlers/backup.go:102.40,105.22 2 0
github.com/pandeptwidyaop/http-remote/internal/handlers/backup.go:105.22,107.12 2 0
github.com/pandeptwidyaop/http-remote/internal/handlers/backup.go:111.3,116.17 2 0
github.com/pandeptwidyaop/http-remote/internal/handlers/backup.go:116.17,118.12 2 0
github.com/pandeptwidyaop/http-remote/internal/handlers/backup.go:122.3,122.48 1 0
github.com/pandeptwidyaop/http-remote/internal/handlers/backup.go:122.48,129.18 2 0
github.com/pandeptwidyaop/http-remote/internal/handlers/backup.go:129.18,131.5 1 0
github.com/pandeptwidyaop/http-remote/internal/handlers/backup.go:134.3,134.13 1 0
github.com/pandeptwidyaop/http-remote/internal/handlers/backup.go:138.2,139.38 2 0
github.com/pandeptwidyaop/http-remote/internal/handlers/backup.go:139.38,153.3 1 0
github.com/pandeptwidyaop/http-remote/internal/handlers/backup.go:155.2,160.4 1 0
github.com/pandeptwidyaop/http-remote/internal/handlers/backup.go:164.51,168.16 3 0
github.com/pandeptwidyaop/http-remote/internal/handlers/backup.go:168.16,169.37 1 0
github.com/pandeptwidyaop/http-remote/internal/handlers/backup.go:169.37,172.4 2 0
github.com/pandeptwidyaop/http-remote/internal/handlers/backup.go:173.3,174.9 2 0
github.com/pandeptwidyaop/http-remote/internal/handlers/backup.go:177.2,178.16 2 0
github.com/pandeptwidyaop/http-remote/internal/handlers/backup.go:178.16,181.3 2 0
github.com/pandeptwidyaop/http-remote/internal/handlers/backup.go:183.2,184.31 2 0
github.com/pandeptwidyaop/http-remote/internal/handlers/backup.go:184.31,191.3 1 0
github.com/pandeptwidyaop/http-remote/internal/handlers/backup.go:193.2,202.38 3 0
github.com/pandeptwidyaop/http-remote/internal/handlers/backup.go:202.38,213.3 1 0
github.com/pandeptwidyaop/http-remote/internal/handlers/backup.go:215.2,216.34 2 0
github.com/pandeptwidyaop/http-remote/internal/handlers/commands.go:23.172,30.2 1 0
github.com/pandeptwidyaop/http-remote/internal/handlers/commands.go:33.46,37.16 3 0
github.com/pandeptwidyaop/http-remote/internal/handlers/commands.go:37.16,38.41 1 0
github.com/pandeptwidyaop/http-remote/internal/handlers/commands.go:38.41,41.4 2 0
github.com/pandeptwidyaop/http-remote/internal/handlers/commands.go:42.3,43.9 2 0
github.com/pandeptwidyaop/http-remote/internal/handlers/commands.go:46.2,46.28 1 0
github.com/pandeptwidyaop/http-remote/internal/handlers/commands.go:50.49,54.47 3 0
github.com/pandeptwidyaop/http-remote/internal/handlers/commands.go:54.47,57.3 2 0
github.com/pandeptwidyaop/http-remote/internal/handlers/commands.go:60.2,60.20 1 0
github.com/pandeptwidyaop/http-remote/internal/handlers/commands.go:60.20,61.64 1 0
github.com/pandeptwidyaop/http-remote/internal/handlers/commands.go:61.64,64.4 2 0
github.com/pandeptwidyaop/http-remote/internal/handlers/commands.go:65.3,65.49 1 0
github.com/pandeptwidyaop/http-remote/internal/handlers/commands.go:67.2,67.23 1 0
github.com/pandeptwidyaop/http-remote/internal/handlers/commands.go:67.23,68.71 1 0
github.com/pandeptwidyaop/http-remote/internal/handlers/commands.go:68.71,71.4 2 0
github.com/pandeptwidyaop/http-remote/internal/handlers/commands.go:73.2,73.27 1 0
github.com/pandeptwidyaop/http-remote/internal/handlers/commands.go:73.27,75.3 1 0
github.com/pandeptwidyaop/http-remote/internal/handlers/commands.go:77.2,78.16 2 0
github.com/pandeptwidyaop/http-remote/internal/handlers/commands.go:78.16,79.41 1 0
github.com/pandeptwidyaop/http-remote/internal/handlers/commands.go:79.41,82.4 2 0
github.com/pandeptwidyaop/http-remote/internal/handlers/commands.go:83.3,84.9 2 0
github.com/pandeptwidyaop/http-remote/internal/handlers/commands.go:88.2,89.38 2 0
github.com/pandeptwidyaop/http-remote/internal/handlers/commands.go:89.38,91.3 1 0
github.com/pandeptwidyaop/http-remote/internal/handlers/commands.go:93.2,93.28 1 0
github.com/pandeptwidyaop/http-remote/internal/handlers/commands.go:97.49,102.16 3 0
github.com/pandeptwidyaop/http-remote/internal/handlers/commands.go:102.16,105.3 1 0
github.com/pandeptwidyaop/http-remote/internal/handlers/commands.go:107.2,107.55 1 0
github.com/pandeptwidyaop/http-remote/internal/handlers/commands.go:107.55,108.41 1 0
github.com/pandeptwidyaop/http-remote/internal/handlers/commands.go:108.41,111.4 2 0
github.com/pandeptwidyaop/http-remote/internal/handlers/commands.go:112.3,113.9 2 0
github.com/pandeptwidyaop/http-remote/internal/handlers/commands.go:117.2,118.52 2 0
github.com/pandeptwidyaop/http-remote/internal/handlers/commands.go:118.52,120.3 1 0
github.com/pandeptwidyaop/http-remote/internal/handlers/commands.go:122.2,122.60 1 0
github.com/pandeptwidyaop/http-remote/internal/handlers/commands.go:126.50,130.16 3 0
github.com/pandeptwidyaop/http-remote/internal/handlers/commands.go:130.16,131.41 1 0
github.com/pandeptwidyaop/http-remote/internal/handlers/commands.go:131.41,134.4 2 0
github.com/pandeptwidyaop/http-remote/internal/handlers/commands.go:135.3,136.9 2 0
github.com/pandeptwidyaop/http-remote/internal/handlers/commands.go:139.2,140.13 2 0
github.com/pandeptwidyaop/http-remote/internal/handlers/commands.go:140.13,143.3 2 0
github.com/pandeptwidyaop/http-remote/internal/handlers/commands.go:144.2,145.9 2 0
github.com/pandeptwidyaop/http-remote/internal/handlers/commands.go:145.9,148.3 2 0
github.com/pandeptwidyaop/http-remote/internal/handlers/commands.go:150.2,151.16 2 0
github.com/pandeptwidyaop/http-remote/internal/handlers/commands.go:151.16,154.3 2 0
github.com/pandeptwidyaop/http-remote/internal/handlers/commands.go:157.2,159.16 3 0
github.com/pandeptwidyaop/http-remote/internal/handlers/commands.go:159.16,161.3 1 0
github.com/pandeptwidyaop/http-remote/internal/handlers/commands.go:164.2,166.12 2 0
github.com/pandeptwidyaop/http-remote/internal/handlers/commands.go:166.12,168.3 1 0
github.com/pandeptwidyaop/http-remote/internal/handlers/commands.go:170.2,173.4 1 0
github.com/pandeptwidyaop/http-remote/internal/handlers/commands.go:177.57,182.16 4 0
github.com/pandeptwidyaop/http-remote/internal/handlers/commands.go:182.16,185.3 2 0
github.com/pandeptwidyaop/http-remote/internal/handlers/commands.go:187.2,187.35 1 0
github.com/pandeptwidyaop/http-remote/internal/handlers/commands.go:191.55,195.16 3 0
github.com/pandeptwidyaop/http-remote/internal/handlers/commands.go:195.16,196.43 1 0
github.com/pandeptwidyaop/http-remote/internal/handlers/commands.go:196.43,199.4 2 0
github.com/pandeptwidyaop/http-remote/internal/handlers/commands.go:200.3,201.9 2 0
github.com/pandeptwidyaop/http-remote/internal/handlers/commands.go:204.2,204.34 1 0
github.com/pandeptwidyaop/http-remote/internal/handlers/deploy.go:20.133,26.2 1 0
github.com/pandeptwidyaop/http-remote/internal/handlers/deploy.go:36.48,40.17 3 0
github.com/pandeptwidyaop/http-remote/internal/handlers/deploy.go:40.17,43.3 2 0
github.com/pandeptwidyaop/http-remote/internal/handlers/deploy.go:46.2,47.16 2 0
github.com/pandeptwidyaop/http-remote/internal/handlers/deploy.go:47.16,48.37 1 0
github.com/pandeptwidyaop/http-remote/internal/handlers/deploy.go:48.37,51.4 2 0
github.com/pandeptwidyaop/http-remote/internal/handlers/deploy.go:52.3,53.9 2 0
github.com/pandeptwidyaop/http-remote/internal/handlers/deploy.go:57.2,57.71 1 0
github.com/pandeptwidyaop/http-remote/internal/handlers/deploy.go:57.71,60.3 2 0
github.com/pandeptwidyaop/http-remote/internal/handlers/deploy.go:63.2,67.25 4 0
github.com/pandeptwidyaop/http-remote/internal/handlers/deploy.go:67.25,70.17 2 0
github.com/pandeptwidyaop/http-remote/internal/handlers/deploy.go:70.17,73.4 2 0
github.com/pandeptwidyaop/http-remote/internal/handlers/deploy.go:74.3,74.25 1 0
github.com/pandeptwidyaop/http-remote/internal/handlers/deploy.go:74.25,77.4 2 0
github.com/pandeptwidyaop/http-remote/internal/handlers/deploy.go:78.3,78.21 1 0
github.com/pandeptwidyaop/http-remote/internal/handlers/deploy.go:79.8,82.17 2 0
github.com/pandeptwidyaop/http-remote/internal/handlers/deploy.go:82.17,85.4 2 0
github.com/pandeptwidyaop/http-remote/internal/handlers/deploy.go:86.3,86.21 1 0
github.com/pandeptwidyaop/http-remote/internal/handlers/deploy.go:90.2,91.16 2 0
github.com/pandeptwidyaop/http-remote/internal/handlers/deploy.go:91.16,94.3 2 0
github.com/pandeptwidyaop/http-remote/internal/handlers/deploy.go:97.2,97.12 1 0
github.com/pandeptwidyaop/http-remote/internal/handlers/deploy.go:97.12,99.3 1 0
github.com/pandeptwidyaop/http-remote/internal/handlers/deploy.go:101.2,108.4 1 0
github.com/pandeptwidyaop/http-remote/internal/handlers/deploy.go:114.54,119.17 4 0
github.com/pandeptwidyaop/http-remote/internal/handlers/deploy.go:119.17,122.3 2 0
github.com/pandeptwidyaop/http-remote/internal/handlers/deploy.go:125.2,126.16 2 0
github.com/pandeptwidyaop/http-remote/internal/handlers/deploy.go:126.16,127.37 1 0
github.com/pandeptwidyaop/http-remote/internal/handlers/deploy.go:127.37,130.4 2 0
github.com/pandeptwidyaop/http-remote/internal/handlers/deploy.go:131.3,132.9 2 0
github.com/pandeptwidyaop/http-remote/internal/handlers/deploy.go:136.2,136.71 1 0
github.com/pandeptwidyaop/http-remote/internal/handlers/deploy.go:136.71,139.3 2 0
github.com/pandeptwidyaop/http-remote/internal/handlers/deploy.go:141.2,142.16 2 0
github.com/pandeptwidyaop/http-remote/internal/handlers/deploy.go:142.16,143.43 1 0
github.com/pandeptwidyaop/http-remote/internal/handlers/deploy.go:143.43,146.4 2 0
github.com/pandeptwidyaop/http-remote/internal/handlers/deploy.go:147.3,148.9 2 0
github.com/pandeptwidyaop/http-remote/internal/handlers/deploy.go:151.2,151.34 1 0
github.com/pandeptwidyaop/http-remote/internal/handlers/deploy.go:157.54,162.17 4 0
github.com/pandeptwidyaop/http-remote/internal/handlers/deploy.go:162.17,165.3 2 0
github.com/pandeptwidyaop/http-remote/internal/handlers/deploy.go:168.2,169.16 2 0
github.com/pandeptwidyaop/http-remote/internal/handlers/deploy.go:169.16,170.37 1 0
github.com/pandeptwidyaop/http-remote/internal/handlers/deploy.go:170.37,173.4 2 0
github.com/pandeptwidyaop/http-remote/internal/handlers/deploy.go:174.3,175.9 2 0
github.com/pandeptwidyaop/http-remote/internal/handlers/deploy.go:179.2,179.71 1 0
github.com/pandeptwidyaop/http-remote/internal/handlers/deploy.go:179.71,182.3 2 0
github.com/pandeptwidyaop/http-remote/internal/handlers/deploy.go:185.2,186.16 2 0
github.com/pandeptwidyaop/http-remote/internal/handlers/deploy.go:186.16,187.43 1 0
github.com/pandeptwidyaop/http-remote/internal/handlers/deploy.go:187.43,190.4 2 0
github.com/pandeptwidyaop/http-remote/internal/handlers/deploy.go:191.3,192.9 2 0
github.com/pandeptwidyaop/http-remote/internal/handlers/deploy.go:196.2,197.47 2 0
github.com/pandeptwidyaop/http-remote/internal/handlers/files.go:33.47,44.29 6 1
github.com/pandeptwidyaop/http-remote/internal/handlers/files.go:44.29,45.64 1 12
github.com/pandeptwidyaop/http-remote/internal/handlers/files.go:45.64,47.4 1 12
github.com/pandeptwidyaop/http-remote/internal/handlers/files.go:49.2,56.25 4 1
github.com/pandeptwidyaop/http-remote/internal/handlers/files.go:56.25,58.20 2 0
github.com/pandeptwidyaop/http-remote/internal/handlers/files.go:58.20,60.4 1 0
github.com/pandeptwidyaop/http-remote/internal/handlers/files.go:61.3,61.43 1 0
github.com/pandeptwidyaop/http-remote/internal/handlers/files.go:65.2,65.20 1 1
github.com/pandeptwidyaop/http-remote/internal/handlers/files.go:65.20,67.3 1 0
github.com/pandeptwidyaop/http-remote/internal/handlers/files.go:69.2,69.17 1 1
github.com/pandeptwidyaop/http-remote/internal/handlers/files.go:75.51,77.2 1 0
github.com/pandeptwidyaop/http-remote/internal/handlers/files.go:80.98,86.16 3 27
github.com/pandeptwidyaop/http-remote/internal/handlers/files.go:86.16,89.25 1 6
github.com/pandeptwidyaop/http-remote/internal/handlers/files.go:89.25,93.24 3 6
github.com/pandeptwidyaop/http-remote/internal/handlers/files.go:93.24,94.33 1 1
github.com/pandeptwidyaop/http-remote/internal/handlers/files.go:94.33,97.6 1 1
github.com/pandeptwidyaop/http-remote/internal/handlers/files.go:97.11,99.6 1 0
github.com/pandeptwidyaop/http-remote/internal/handlers/files.go:100.10,102.5 1 5
github.com/pandeptwidyaop/http-remote/internal/handlers/files.go:103.9,105.4 1 0
github.com/pandeptwidyaop/http-remote/internal/handlers/files.go:109.2,109.36 1 27
github.com/pandeptwidyaop/http-remote/internal/handlers/files.go:109.36,110.21 1 396
github.com/pandeptwidyaop/http-remote/internal/handlers/files.go:110.21,112.4 1 5
github.com/pandeptwidyaop/http-remote/internal/handlers/files.go:116.2,116.34 1 22
github.com/pandeptwidyaop/http-remote/internal/handlers/files.go:116.34,118.80 2 5
github.com/pandeptwidyaop/http-remote/internal/handlers/files.go:118.80,120.4 1 3
github.com/pandeptwidyaop/http-remote/internal/handlers/files.go:124.2,124.27 1 19
github.com/pandeptwidyaop/http-remote/internal/handlers/files.go:124.27,126.35 2 4
github.com/pandeptwidyaop/http-remote/internal/handlers/files.go:126.35,128.81 2 4
github.com/pandeptwidyaop/http-remote/internal/handlers/files.go:128.81,130.10 2 3
github.com/pandeptwidyaop/http-remote/internal/handlers/files.go:133.3,133.15 1 4
github.com/pandeptwidyaop/http-remote/internal/handlers/files.go:133.15,135.4 1 1
github.com/pandeptwidyaop/http-remote/internal/handlers/files.go:138.2,138.22 1 18
github.com/pandeptwidyaop/http-remote/internal/handlers/files.go:142.70,144.18 2 27
github.com/pandeptwidyaop/http-remote/internal/handlers/files.go:144.18,147.3 2 27
github.com/pandeptwidyaop/http-remote/internal/handlers/files.go:148.2,148.68 1 27
github.com/pandeptwidyaop/http-remote/internal/handlers/files.go:168.91,170.2 1 16
github.com/pandeptwidyaop/http-remote/internal/handlers/files.go:173.106,175.13 2 8
github.com/pandeptwidyaop/http-remote/internal/handlers/files.go:175.13,177.3 1 0
github.com/pandeptwidyaop/http-remote/internal/handlers/files.go:179.2,180.9 2 8
github.com/pandeptwidyaop/http-remote/internal/handlers/files.go:180.9,182.3 1 0
github.com/pandeptwidyaop/http-remote/internal/handlers/files.go:184.2,193.4 1 8
github.com/pandeptwidyaop/http-remote/internal/handlers/files.go:197.49,199.16 2 10
github.com/pandeptwidyaop/http-remote/internal/handlers/files.go:199.16,201.3 1 0
github.com/pandeptwidyaop/http-remote/internal/handlers/files.go:204.2,205.16 2 10
github.com/pandeptwidyaop/http-remote/internal/handlers/files.go:205.16,208.3 2 4
github.com/pandeptwidyaop/http-remote/internal/handlers/files.go:211.2,212.16 2 6
github.com/pandeptwidyaop/http-remote/internal/handlers/files.go:212.16,213.25 1 1
github.com/pandeptwidyaop/http-remote/internal/handlers/files.go:213.25,216.4 2 1
github.com/pandeptwidyaop/http-remote/internal/handlers/files.go:217.3,218.9 2 0
github.com/pandeptwidyaop/http-remote/internal/handlers/files.go:222.2,222.19 1 5
github.com/pandeptwidyaop/http-remote/internal/handlers/files.go:222.19,236.3 2 0
github.com/pandeptwidyaop/http-remote/internal/handlers/files.go:239.2,240.16 2 5
github.com/pandeptwidyaop/http-remote/internal/handlers/files.go:240.16,243.3 2 0
github.com/pandeptwidyaop/http-remote/internal/handlers/files.go:245.2,246.32 2 5
github.com/pandeptwidyaop/http-remote/internal/handlers/files.go:246.32,248.17 2 3
github.com/pandeptwidyaop/http-remote/internal/handlers/files.go:248.17,249.12 1 0
github.com/pandeptwidyaop/http-remote/internal/handlers/files.go:252.3,260.5 2 3
github.com/pandeptwidyaop/http-remote/internal/handlers/files.go:264.2,264.40 1 5
github.com/pandeptwidyaop/http-remote/internal/handlers/files.go:264.40,265.39 1 1
github.com/pandeptwidyaop/http-remote/internal/handlers/files.go:265.39,267.4 1 1
github.com/pandeptwidyaop/http-remote/internal/handlers/files.go:268.3,268.73 1 0
github.com/pandeptwidyaop/http-remote/internal/handlers/files.go:272.2,273.24 2 5
github.com/pandeptwidyaop/http-remote/internal/handlers/files.go:273.24,275.3 1 0
github.com/pandeptwidyaop/http-remote/internal/handlers/files.go:277.2,281.4 1 5
github.com/pandeptwidyaop/http-remote/internal/handlers/files.go:285.48,287.16 2 2
github.com/pandeptwidyaop/http-remote/internal/handlers/files.go:287.16,290.3 2 0
github.com/pandeptwidyaop/http-remote/internal/handlers/files.go:293.2,294.16 2 2
github.com/pandeptwidyaop/http-remote/internal/handlers/files.go:294.16,297.3 2 0
github.com/pandeptwidyaop/http-remote/internal/handlers/files.go:300.2,301.16 2 2
github.com/pandeptwidyaop/http-remote/internal/handlers/files.go:301.16,302.25 1 0
github.com/pandeptwidyaop/http-remote/internal/handlers/files.go:302.25,305.4 2 0
github.com/pandeptwidyaop/http-remote/internal/handlers/files.go:306.3,307.9 2 0
github.com/pandeptwidyaop/http-remote/internal/handlers/files.go:310.2,310.18 1 2
github.com/pandeptwidyaop/http-remote/internal/handlers/files.go:310.18,313.3 2 1
github.com/pandeptwidyaop/http-remote/internal/handlers/files.go:316.2,317.27 2 1
github.com/pandeptwidyaop/http-remote/internal/handlers/files.go:317.27,324.3 2 0
github.com/pandeptwidyaop/http-remote/internal/handlers/files.go:326.2,327.16 2 1
github.com/pandeptwidyaop/http-remote/internal/handlers/files.go:327.16,330.3 2 0
github.com/pandeptwidyaop/http-remote/internal/handlers/files.go:333.2,334.53 2 1
github.com/pandeptwidyaop/http-remote/internal/handlers/files.go:334.53,335.13 1 13
github.com/pandeptwidyaop/http-remote/internal/handlers/files.go:335.13,337.9 2 0
github.com/pandeptwidyaop/http-remote/internal/handlers/files.go:341.2,347.4 1 1
github.com/pandeptwidyaop/http-remote/internal/handlers/files.go:351.52,353.16 2 1
github.com/pandeptwidyaop/http-remote/internal/handlers/files.go:353.16,356.3 2 0
github.com/pandeptwidyaop/http-remote/internal/handlers/files.go:359.2,360.16 2 1
github.com/pandeptwidyaop/http-remote/internal/handlers/files.go:360.16,363.3 2 0
github.com/pandeptwidyaop/http-remote/internal/handlers/files.go:366.2,367.16 2 1
github.com/pandeptwidyaop/http-remote/internal/handlers/files.go:367.16,368.25 1 0
github.com/pandeptwidyaop/http-remote/internal/handlers/files.go:368.25,371.4 2 0
github.com/pandeptwidyaop/http-remote/internal/handlers/files.go:372.3,373.9 2 0
github.com/pandeptwidyaop/http-remote/internal/handlers/files.go:376.2,376.18 1 1
github.com/pandeptwidyaop/http-remote/internal/handlers/files.go:376.18,379.3 2 0
github.com/pandeptwidyaop/http-remote/internal/handlers/files.go:382.2,394.14 7 1
github.com/pandeptwidyaop/http-remote/internal/handlers/files.go:398.50,400.22 2 1
github.com/pandeptwidyaop/http-remote/internal/handlers/files.go:400.22,402.3 1 0
github.com/pandeptwidyaop/http-remote/internal/handlers/files.go:405.2,406.16 2 1
github.com/pandeptwidyaop/http-remote/internal/handlers/files.go:406.16,409.3 2 0
github.com/pandeptwidyaop/http-remote/internal/handlers/files.go:412.2,413.16 2 1
github.com/pandeptwidyaop/http-remote/internal/handlers/files.go:413.16,414.25 1 0
github.com/pandeptwidyaop/http-remote/internal/handlers/files.go:414.25,417.4 2 0
github.com/pandeptwidyaop/http-remote/internal/handlers/files.go:418.3,419.9 2 0
github.com/pandeptwidyaop/http-remote/internal/handlers/files.go:422.2,422.19 1 1
github.com/pandeptwidyaop/http-remote/internal/handlers/files.go:422.19,425.3 2 0
github.com/pandeptwidyaop/http-remote/internal/handlers/files.go:428.2,429.16 2 1
github.com/pandeptwidyaop/http-remote/internal/handlers/files.go:429.16,432.3 2 0
github.com/pandeptwidyaop/http-remote/internal/handlers/files.go:435.2,441.45 3 1
[...]
github.com/pandeptwidyaop/http-remote/internal/services/auth.go:651.2,652.16 2 0
github.com/pandeptwidyaop/http-remote/internal/services/auth.go:652.16,654.3 1 0
github.com/pandeptwidyaop/http-remote/internal/services/auth.go:656.2,656.18 1 0
github.com/pandeptwidyaop/http-remote/internal/services/auth.go:660.44,661.13 1 0
github.com/pandeptwidyaop/http-remote/internal/services/auth.go:661.13,663.3 1 0
github.com/pandeptwidyaop/http-remote/internal/services/auth.go:664.2,666.31 3 0
github.com/pandeptwidyaop/http-remote/internal/services/auth.go:666.31,667.57 1 0
github.com/pandeptwidyaop/http-remote/internal/services/auth.go:667.57,668.17 1 0
github.com/pandeptwidyaop/http-remote/internal/services/auth.go:668.17,670.5 1 0
github.com/pandeptwidyaop/http-remote/internal/services/auth.go:671.4,671.17 1 0
github.com/pandeptwidyaop/http-remote/internal/services/auth.go:674.2,674.14 1 0
github.com/pandeptwidyaop/http-remote/internal/services/auth.go:678.85,683.16 2 0
github.com/pandeptwidyaop/http-remote/internal/services/auth.go:683.16,685.3 1 0
github.com/pandeptwidyaop/http-remote/internal/services/auth.go:688.2,699.12 2 0
github.com/pandeptwidyaop/http-remote/internal/services/auth.go:703.88,710.16 2 0
github.com/pandeptwidyaop/http-remote/internal/services/auth.go:710.16,712.3 1 0
github.com/pandeptwidyaop/http-remote/internal/services/auth.go:713.2,713.15 1 0
github.com/pandeptwidyaop/http-remote/internal/services/auth.go:713.15,713.35 1 0
github.com/pandeptwidyaop/http-remote/internal/services/auth.go:715.2,715.18 1 0
github.com/pandeptwidyaop/http-remote/internal/services/auth.go:715.18,717.42 2 0
github.com/pandeptwidyaop/http-remote/internal/services/auth.go:717.42,719.4 1 0
github.com/pandeptwidyaop/http-remote/internal/services/auth.go:720.3,720.38 1 0
github.com/pandeptwidyaop/http-remote/internal/services/auth.go:720.38,722.4 1 0
github.com/pandeptwidyaop/http-remote/internal/services/auth.go:725.2,725.19 1 0
github.com/pandeptwidyaop/http-remote/internal/services/auth.go:729.83,733.16 3 0
github.com/pandeptwidyaop/http-remote/internal/services/auth.go:733.16,735.3 1 0
github.com/pandeptwidyaop/http-remote/internal/services/auth.go:737.2,741.16 2 0
github.com/pandeptwidyaop/http-remote/internal/services/auth.go:741.16,743.3 1 0
github.com/pandeptwidyaop/http-remote/internal/services/auth.go:744.2,744.15 1 0
github.com/pandeptwidyaop/http-remote/internal/services/auth.go:744.15,744.35 1 0
github.com/pandeptwidyaop/http-remote/internal/services/auth.go:746.2,747.18 2 0
github.com/pandeptwidyaop/http-remote/internal/services/auth.go:747.18,753.17 5 0
github.com/pandeptwidyaop/http-remote/internal/services/auth.go:753.17,755.4 1 0
github.com/pandeptwidyaop/http-remote/internal/services/auth.go:757.3,760.22 3 0
github.com/pandeptwidyaop/http-remote/internal/services/auth.go:760.22,761.20 1 0
github.com/pandeptwidyaop/http-remote/internal/services/auth.go:761.20,763.5 1 0
github.com/pandeptwidyaop/http-remote/internal/services/auth.go:763.10,765.5 1 0
github.com/pandeptwidyaop/http-remote/internal/services/auth.go:767.3,767.31 1 0
github.com/pandeptwidyaop/http-remote/internal/services/auth.go:770.2,770.26 1 0
github.com/pandeptwidyaop/http-remote/internal/services/auth.go:774.93,782.2 3 0
github.com/pandeptwidyaop/http-remote/internal/services/auth.go:785.82,787.16 2 0
github.com/pandeptwidyaop/http-remote/internal/services/auth.go:787.16,789.3 1 0
github.com/pandeptwidyaop/http-remote/internal/services/auth.go:791.2,792.12 2 0
github.com/pandeptwidyaop/http-remote/internal/services/auth.go:796.54,799.16 2 0
github.com/pandeptwidyaop/http-remote/internal/services/auth.go:799.16,801.3 1 0
github.com/pandeptwidyaop/http-remote/internal/services/auth.go:804.2,805.16 2 0
github.com/pandeptwidyaop/http-remote/internal/services/auth.go:805.16,807.3 1 0
github.com/pandeptwidyaop/http-remote/internal/services/auth.go:809.2,810.19 2 0
github.com/pandeptwidyaop/http-remote/internal/services/auth.go:810.19,812.3 1 0
github.com/pandeptwidyaop/http-remote/internal/services/auth.go:814.2,814.12 1 0
github.com/pandeptwidyaop/http-remote/internal/services/auth.go:818.54,822.2 3 0
github.com/pandeptwidyaop/http-remote/internal/services/crypto.go:19.59,20.20 1 0
github.com/pandeptwidyaop/http-remote/internal/services/crypto.go:20.20,22.3 1 0
github.com/pandeptwidyaop/http-remote/internal/services/crypto.go:23.2,23.38 1 0
github.com/pandeptwidyaop/http-remote/internal/services/crypto.go:27.67,28.21 1 0
github.com/pandeptwidyaop/http-remote/internal/services/crypto.go:28.21,30.3 1 0
github.com/pandeptwidyaop/http-remote/internal/services/crypto.go:32.2,33.16 2 0
github.com/pandeptwidyaop/http-remote/internal/services/crypto.go:33.16,35.3 1 0
github.com/pandeptwidyaop/http-remote/internal/services/crypto.go:37.2,38.16 2 0
github.com/pandeptwidyaop/http-remote/internal/services/crypto.go:38.16,40.3 1 0
github.com/pandeptwidyaop/http-remote/internal/services/crypto.go:42.2,43.59 2 0
github.com/pandeptwidyaop/http-remote/internal/services/crypto.go:43.59,45.3 1 0
github.com/pandeptwidyaop/http-remote/internal/services/crypto.go:47.2,48.59 2 0
github.com/pandeptwidyaop/http-remote/internal/services/crypto.go:52.68,53.22 1 0
github.com/pandeptwidyaop/http-remote/internal/services/crypto.go:53.22,55.3 1 0
github.com/pandeptwidyaop/http-remote/internal/services/crypto.go:57.2,58.16 2 0
github.com/pandeptwidyaop/http-remote/internal/services/crypto.go:58.16,60.3 1 0
github.com/pandeptwidyaop/http-remote/internal/services/crypto.go:62.2,63.16 2 0
github.com/pandeptwidyaop/http-remote/internal/services/crypto.go:63.16,65.3 1 0
github.com/pandeptwidyaop/http-remote/internal/services/crypto.go:67.2,68.16 2 0
github.com/pandeptwidyaop/http-remote/internal/services/crypto.go:68.16,70.3 1 0
github.com/pandeptwidyaop/http-remote/internal/services/crypto.go:72.2,73.27 2 0
github.com/pandeptwidyaop/http-remote/internal/services/crypto.go:73.27,75.3 1 0
github.com/pandeptwidyaop/http-remote/internal/services/crypto.go:77.2,79.16 3 0
github.com/pandeptwidyaop/http-remote/internal/services/crypto.go:79.16,81.3 1 0
github.com/pandeptwidyaop/http-remote/internal/services/crypto.go:83.2,83.31 1 0
github.com/pandeptwidyaop/http-remote/internal/services/executor.go:35.103,42.2 1 4
github.com/pandeptwidyaop/http-remote/internal/services/executor.go:45.102,52.16 3 14
github.com/pandeptwidyaop/http-remote/internal/services/executor.go:52.16,54.3 1 0
github.com/pandeptwidyaop/http-remote/internal/services/executor.go:56.2,56.31 1 14
github.com/pandeptwidyaop/http-remote/internal/services/executor.go:60.82,71.26 6 16
github.com/pandeptwidyaop/http-remote/internal/services/executor.go:71.26,73.3 1 1
github.com/pandeptwidyaop/http-remote/internal/services/executor.go:74.2,74.16 1 15
github.com/pandeptwidyaop/http-remote/internal/services/executor.go:74.16,76.3 1 0
github.com/pandeptwidyaop/http-remote/internal/services/executor.go:78.2,78.18 1 15
github.com/pandeptwidyaop/http-remote/internal/services/executor.go:78.18,80.3 1 0
github.com/pandeptwidyaop/http-remote/internal/services/executor.go:81.2,81.20 1 15
github.com/pandeptwidyaop/http-remote/internal/services/executor.go:81.20,84.3 2 0
github.com/pandeptwidyaop/http-remote/internal/services/executor.go:85.2,85.21 1 15
github.com/pandeptwidyaop/http-remote/internal/services/executor.go:85.21,87.3 1 0
github.com/pandeptwidyaop/http-remote/internal/services/executor.go:88.2,88.22 1 15
github.com/pandeptwidyaop/http-remote/internal/services/executor.go:88.22,90.3 1 0
github.com/pandeptwidyaop/http-remote/internal/services/executor.go:92.2,92.19 1 15
github.com/pandeptwidyaop/http-remote/internal/services/executor.go:96.99,97.16 1 3
github.com/pandeptwidyaop/http-remote/internal/services/executor.go:97.16,99.3 1 0
github.com/pandeptwidyaop/http-remote/internal/services/executor.go:101.2,112.16 2 3
github.com/pandeptwidyaop/http-remote/internal/services/executor.go:112.16,114.3 1 0
github.com/pandeptwidyaop/http-remote/internal/services/executor.go:115.2,115.15 1 3
github.com/pandeptwidyaop/http-remote/internal/services/executor.go:115.15,115.35 1 3
github.com/pandeptwidyaop/http-remote/internal/services/executor.go:117.2,118.18 2 3
github.com/pandeptwidyaop/http-remote/internal/services/executor.go:118.18,128.17 5 12
github.com/pandeptwidyaop/http-remote/internal/services/executor.go:128.17,130.4 1 0
github.com/pandeptwidyaop/http-remote/internal/services/executor.go:132.3,132.19 1 12
github.com/pandeptwidyaop/http-remote/internal/services/executor.go:132.19,134.4 1 0
github.com/pandeptwidyaop/http-remote/internal/services/executor.go:135.3,135.21 1 12
github.com/pandeptwidyaop/http-remote/internal/services/executor.go:135.21,138.4 2 0
github.com/pandeptwidyaop/http-remote/internal/services/executor.go:139.3,139.22 1 12
github.com/pandeptwidyaop/http-remote/internal/services/executor.go:139.22,141.4 1 0
github.com/pandeptwidyaop/http-remote/internal/services/executor.go:142.3,142.23 1 12
github.com/pandeptwidyaop/http-remote/internal/services/executor.go:142.23,144.4 1 0
github.com/pandeptwidyaop/http-remote/internal/services/executor.go:146.3,146.40 1 12
github.com/pandeptwidyaop/http-remote/internal/services/executor.go:148.2,148.24 1 3
github.com/pandeptwidyaop/http-remote/internal/services/executor.go:152.61,156.16 3 0
github.com/pandeptwidyaop/http-remote/internal/services/executor.go:156.16,161.3 4 0
github.com/pandeptwidyaop/http-remote/internal/services/executor.go:163.2,164.16 2 0
github.com/pandeptwidyaop/http-remote/internal/services/executor.go:164.16,169.3 4 0
github.com/pandeptwidyaop/http-remote/internal/services/executor.go:171.2,172.16 2 0
github.com/pandeptwidyaop/http-remote/internal/services/executor.go:172.16,177.3 4 0
github.com/pandeptwidyaop/http-remote/internal/services/executor.go:180.2,180.59 1 0
github.com/pandeptwidyaop/http-remote/internal/services/executor.go:180.59,186.3 5 0
github.com/pandeptwidyaop/http-remote/internal/services/executor.go:188.2,197.42 5 0
github.com/pandeptwidyaop/http-remote/internal/services/executor.go:197.42,199.3 1 0
github.com/pandeptwidyaop/http-remote/internal/services/executor.go:201.2,209.16 6 0
github.com/pandeptwidyaop/http-remote/internal/services/executor.go:209.16,214.3 4 0
github.com/pandeptwidyaop/http-remote/internal/services/executor.go:216.2,217.16 2 0
github.com/pandeptwidyaop/http-remote/internal/services/executor.go:217.16,222.3 4 0
github.com/pandeptwidyaop/http-remote/internal/services/executor.go:224.2,224.36 1 0
github.com/pandeptwidyaop/http-remote/internal/services/executor.go:224.36,229.3 4 0
github.com/pandeptwidyaop/http-remote/internal/services/executor.go:231.2,237.12 6 0
github.com/pandeptwidyaop/http-remote/internal/services/executor.go:237.12,240.3 2 0
github.com/pandeptwidyaop/http-remote/internal/services/executor.go:241.2,241.12 1 0
github.com/pandeptwidyaop/http-remote/internal/services/executor.go:241.12,244.3 2 0
github.com/pandeptwidyaop/http-remote/internal/services/executor.go:246.2,252.16 5 0
github.com/pandeptwidyaop/http-remote/internal/services/executor.go:252.16,254.47 2 0
github.com/pandeptwidyaop/http-remote/internal/services/executor.go:254.47,256.4 1 0
github.com/pandeptwidyaop/http-remote/internal/services/executor.go:256.9,258.4 1 0
github.com/pandeptwidyaop/http-remote/internal/services/executor.go:261.2,268.25 6 0
github.com/pandeptwidyaop/http-remote/internal/services/executor.go:268.25,270.3 1 0
github.com/pandeptwidyaop/http-remote/internal/services/executor.go:270.8,272.3 1 0
github.com/pandeptwidyaop/http-remote/internal/services/executor.go:274.2,274.12 1 0
github.com/pandeptwidyaop/http-remote/internal/services/executor.go:277.132,281.21 3 0
github.com/pandeptwidyaop/http-remote/internal/services/executor.go:281.21,286.27 4 0
github.com/pandeptwidyaop/http-remote/internal/services/executor.go:286.27,289.41 2 0
github.com/pandeptwidyaop/http-remote/internal/services/executor.go:289.41,292.22 2 0
github.com/pandeptwidyaop/http-remote/internal/services/executor.go:292.22,294.6 1 0
github.com/pandeptwidyaop/http-remote/internal/services/executor.go:295.5,296.32 2 0
github.com/pandeptwidyaop/http-remote/internal/services/executor.go:297.10,299.5 1 0
github.com/pandeptwidyaop/http-remote/internal/services/executor.go:301.3,304.37 2 0
github.com/pandeptwidyaop/http-remote/internal/services/executor.go:308.114,314.2 2 0
github.com/pandeptwidyaop/http-remote/internal/services/executor.go:317.69,325.2 5 0
github.com/pandeptwidyaop/http-remote/internal/services/executor.go:328.75,333.29 4 0
github.com/pandeptwidyaop/http-remote/internal/services/executor.go:333.29,334.14 1 0
github.com/pandeptwidyaop/http-remote/internal/services/executor.go:334.14,337.9 3 0
github.com/pandeptwidyaop/http-remote/internal/services/executor.go:341.2,341.38 1 0
github.com/pandeptwidyaop/http-remote/internal/services/executor.go:341.38,343.3 1 0
github.com/pandeptwidyaop/http-remote/internal/services/executor.go:346.74,350.44 3 0
github.com/pandeptwidyaop/http-remote/internal/services/executor.go:350.44,351.10 1 0
github.com/pandeptwidyaop/http-remote/internal/services/executor.go:352.31,352.31 0 0
github.com/pandeptwidyaop/http-remote/internal/services/executor.go:353.11,353.11 0 0
github.com/pandeptwidyaop/http-remote/internal/services/executor.go:358.103,362.44 3 0
github.com/pandeptwidyaop/http-remote/internal/services/executor.go:362.44,363.10 1 0
github.com/pandeptwidyaop/http-remote/internal/services/executor.go:364.43,364.43 0 0
github.com/pandeptwidyaop/http-remote/internal/services/executor.go:365.11,365.11 0 0
github.com/pandeptwidyaop/http-remote/internal/services/terminal_session.go:46.42,51.2 1 0
github.com/pandeptwidyaop/http-remote/internal/services/terminal_session.go:54.57,58.22 3 0
github.com/pandeptwidyaop/http-remote/internal/services/terminal_session.go:58.22,61.13 3 0
github.com/pandeptwidyaop/http-remote/internal/services/terminal_session.go:61.13,63.4 1 0
github.com/pandeptwidyaop/http-remote/internal/services/terminal_session.go:64.3,64.23 1 0
github.com/pandeptwidyaop/http-remote/internal/services/terminal_session.go:64.23,66.4 1 0
github.com/pandeptwidyaop/http-remote/internal/services/terminal_session.go:68.2,68.20 1 0
github.com/pandeptwidyaop/http-remote/internal/services/terminal_session.go:72.39,76.33 3 0
github.com/pandeptwidyaop/http-remote/internal/services/terminal_session.go:76.33,78.3 1 0
github.com/pandeptwidyaop/http-remote/internal/services/terminal_session.go:80.2,81.31 2 0
github.com/pandeptwidyaop/http-remote/internal/services/terminal_session.go:81.31,84.3 2 0
github.com/pandeptwidyaop/http-remote/internal/services/terminal_session.go:84.8,86.3 1 0
github.com/pandeptwidyaop/http-remote/internal/services/terminal_session.go:87.2,87.15 1 0
github.com/pandeptwidyaop/http-remote/internal/services/terminal_session.go:104.84,120.2 4 0
github.com/pandeptwidyaop/http-remote/internal/services/terminal_session.go:123.48,124.6 1 0
github.com/pandeptwidyaop/http-remote/internal/services/terminal_session.go:124.6,125.10 1 0
github.com/pandeptwidyaop/http-remote/internal/services/terminal_session.go:126.28,127.30 1 0
github.com/pandeptwidyaop/http-remote/internal/services/terminal_session.go:128.17,129.10 1 0
github.com/pandeptwidyaop/http-remote/internal/services/terminal_session.go:135.59,140.38 4 0
github.com/pandeptwidyaop/http-remote/internal/services/terminal_session.go:140.38,141.51 1 0
github.com/pandeptwidyaop/http-remote/internal/services/terminal_session.go:141.51,146.4 4 0
github.com/pandeptwidyaop/http-remote/internal/services/terminal_session.go:151.84,153.30 2 0
github.com/pandeptwidyaop/http-remote/internal/services/terminal_session.go:153.30,154.22 1 0
github.com/pandeptwidyaop/http-remote/internal/services/terminal_session.go:154.22,156.9 2 0
github.com/pandeptwidyaop/http-remote/internal/services/terminal_session.go:162.105,167.50 3 0
github.com/pandeptwidyaop/http-remote/internal/services/terminal_session.go:167.50,169.3 1 0
github.com/pandeptwidyaop/http-remote/internal/services/terminal_session.go:172.2,195.16 8 0
github.com/pandeptwidyaop/http-remote/internal/services/terminal_session.go:195.16,197.3 1 0
github.com/pandeptwidyaop/http-remote/internal/services/terminal_session.go:199.2,211.21 7 0
github.com/pandeptwidyaop/http-remote/internal/services/terminal_session.go:215.88,221.2 4 0
github.com/pandeptwidyaop/http-remote/internal/services/terminal_session.go:224.83,230.32 5 0
github.com/pandeptwidyaop/http-remote/internal/services/terminal_session.go:230.32,231.40 1 0
github.com/pandeptwidyaop/http-remote/internal/services/terminal_session.go:231.40,233.4 1 0
github.com/pandeptwidyaop/http-remote/internal/services/terminal_session.go:235.2,235.17 1 0
github.com/pandeptwidyaop/http-remote/internal/services/terminal_session.go:239.71,244.9 4 0
github.com/pandeptwidyaop/http-remote/internal/services/terminal_session.go:244.9,246.3 1 0
github.com/pandeptwidyaop/http-remote/internal/services/terminal_session.go:248.2,254.12 5 0
github.com/pandeptwidyaop/http-remote/internal/services/terminal_session.go:258.45,265.37 5 0
github.com/pandeptwidyaop/http-remote/internal/services/terminal_session.go:265.37,267.3 1 0
github.com/pandeptwidyaop/http-remote/internal/services/terminal_session.go:268.2,269.43 2 0
github.com/pandeptwidyaop/http-remote/internal/services/terminal_session.go:273.38,275.6 2 0
github.com/pandeptwidyaop/http-remote/internal/services/terminal_session.go:275.6,276.10 1 0
github.com/pandeptwidyaop/http-remote/internal/services/terminal_session.go:277.17,278.10 1 0
github.com/pandeptwidyaop/http-remote/internal/services/terminal_session.go:279.11,281.18 2 0
github.com/pandeptwidyaop/http-remote/internal/services/terminal_session.go:281.18,282.22 1 0
github.com/pandeptwidyaop/http-remote/internal/services/terminal_session.go:282.22,284.6 1 0
github.com/pandeptwidyaop/http-remote/internal/services/terminal_session.go:285.5,286.11 2 0
github.com/pandeptwidyaop/http-remote/internal/services/terminal_session.go:289.4,301.21 7 0
github.com/pandeptwidyaop/http-remote/internal/services/terminal_session.go:307.50,311.31 3 0
github.com/pandeptwidyaop/http-remote/internal/services/terminal_session.go:311.31,312.10 1 0
github.com/pandeptwidyaop/http-remote/internal/services/terminal_session.go:313.19,313.19 0 0
github.com/pandeptwidyaop/http-remote/internal/services/terminal_session.go:314.11,314.11 0 0
github.com/pandeptwidyaop/http-remote/internal/services/terminal_session.go:321.78,334.2 7 0
github.com/pandeptwidyaop/http-remote/internal/services/terminal_session.go:337.56,341.39 3 0
github.com/pandeptwidyaop/http-remote/internal/services/terminal_session.go:341.39,345.3 3 0
github.com/pandeptwidyaop/http-remote/internal/services/terminal_session.go:349.52,353.14 3 0
github.com/pandeptwidyaop/http-remote/internal/services/terminal_session.go:353.14,355.3 1 0
github.com/pandeptwidyaop/http-remote/internal/services/terminal_session.go:357.2,359.12 3 0
github.com/pandeptwidyaop/http-remote/internal/services/terminal_session.go:363.35,365.14 2 0
github.com/pandeptwidyaop/http-remote/internal/services/terminal_session.go:365.14,368.3 2 0
github.com/pandeptwidyaop/http-remote/internal/services/terminal_session.go:369.2,376.32 5 0
github.com/pandeptwidyaop/http-remote/internal/services/terminal_session.go:376.32,379.3 2 0
github.com/pandeptwidyaop/http-remote/internal/services/terminal_session.go:380.2,383.42 2 0
github.com/pandeptwidyaop/http-remote/internal/services/terminal_session.go:383.42,385.3 1 0
github.com/pandeptwidyaop/http-remote/internal/services/terminal_session.go:388.2,388.19 1 0
github.com/pandeptwidyaop/http-remote/internal/services/terminal_session.go:388.19,390.3 1 0
github.com/pandeptwidyaop/http-remote/internal/services/terminal_session.go:394.43,398.2 3 0
github.com/pandeptwidyaop/http-remote/internal/services/terminal_session.go:401.45,405.2 3 0
github.com/pandeptwidyaop/http-remote/internal/services/terminal_session.go:418.46,427.2 1 0
